=== RAPPORT DE NETTOYAGE ===
Date: lun. 01 déc. 2025 14:25:09 CET
Espace utilisé avant: 5,2G

--- Nettoyage de /tmp ---
Fichiers temporaires supprimés

=== RÉSUMÉ ===
Espace utilisé après: 5,2G
Espace libéré: [calculer la différence]
=== RAPPORT DE NETTOYAGE ===
Date: lun. 01 déc. 2025 14:29:48 CET
Espace utilisé avant: 5,2G

--- Nettoyage de /tmp ---
Fichiers temporaires supprimés

=== RÉSUMÉ ===
Espace utilisé après: 5,2G
=== RAPPORT DE NETTOYAGE ===
Date: mar. 02 déc. 2025 03:00:01 CET
Espace utilisé avant: 5,1G

--- Nettoyage de /tmp ---
Fichiers temporaires supprimés

=== RÉSUMÉ ===
Espace utilisé après: 5,1G
=== RAPPORT DE NETTOYAGE ===
Date: mer. 03 déc. 2025 03:00:01 CET
Espace utilisé avant: 5,1G

--- Nettoyage de /tmp ---
Fichiers temporaires supprimés

=== RÉSUMÉ ===
Espace utilisé après: 5,1G
=== RAPPORT DE NETTOYAGE ===
Date: jeu. 04 déc. 2025 03:00:01 CET
Espace utilisé avant: 5,1G

--- Nettoyage de /tmp ---
Fichiers temporaires supprimés

=== RÉSUMÉ ===
Espace utilisé après: 5,1G
=== RAPPORT DE NETTOYAGE ===
Date: ven. 05 déc. 2025 03:00:01 CET
Espace utilisé avant: 5,1G

--- Nettoyage de /tmp ---
Fichiers temporaires supprimés

=== RÉSUMÉ ===
Espace utilisé après: 5,1G
=== RAPPORT DE NETTOYAGE ===
Date: sam. 06 déc. 2025 03:00:01 CET
Espace utilisé avant: 5,2G

--- Nettoyage de /tmp ---
Fichiers temporaires supprimés

=== RÉSUMÉ ===
Espace utilisé après: 5,2G
=== RAPPORT DE NETTOYAGE ===
Date: dim. 07 déc. 2025 03:00:01 CET
Espace utilisé avant: 5,1G

--- Nettoyage de /tmp ---
Fichiers temporaires supprimés

=== RÉSUMÉ ===
Espace utilisé après: 5,1G
=== RAPPORT DE NETTOYAGE ===
Date: lun. 08 déc. 2025 03:00:01 CET
Espace utilisé avant: 5,1G

--- Nettoyage de /tmp ---
Fichiers temporaires supprimés

=== RÉSUMÉ ===
Espace utilisé après: 5,1G
