jeu. 27 nov. 2025 22:33:07 CET: ALERTE - / utilise 49%
jeu. 27 nov. 2025 22:33:07 CET: ALERTE - /boot utilise 10%
jeu. 27 nov. 2025 22:51:42 CET: ALERTE - / utilise 49%
jeu. 27 nov. 2025 22:51:42 CET: ALERTE - /boot utilise 10%
jeu. 27 nov. 2025 23:30:01 CET: ALERTE - / utilise 49%
jeu. 27 nov. 2025 23:30:01 CET: ALERTE - /boot utilise 10%
ven. 28 nov. 2025 00:30:01 CET: ALERTE - / utilise 49%
ven. 28 nov. 2025 00:30:01 CET: ALERTE - /boot utilise 10%
ven. 28 nov. 2025 01:30:02 CET: ALERTE - / utilise 49%
ven. 28 nov. 2025 01:30:02 CET: ALERTE - /boot utilise 10%
ven. 28 nov. 2025 02:30:01 CET: ALERTE - / utilise 48%
ven. 28 nov. 2025 02:30:01 CET: ALERTE - /boot utilise 10%
ven. 28 nov. 2025 03:30:01 CET: ALERTE - / utilise 49%
ven. 28 nov. 2025 03:30:01 CET: ALERTE - /boot utilise 10%
ven. 28 nov. 2025 04:30:01 CET: ALERTE - / utilise 49%
ven. 28 nov. 2025 04:30:01 CET: ALERTE - /boot utilise 10%
ven. 28 nov. 2025 05:30:01 CET: ALERTE - / utilise 49%
ven. 28 nov. 2025 05:30:01 CET: ALERTE - /boot utilise 10%
ven. 28 nov. 2025 06:30:01 CET: ALERTE - / utilise 49%
ven. 28 nov. 2025 06:30:01 CET: ALERTE - /boot utilise 10%
ven. 28 nov. 2025 07:30:01 CET: ALERTE - / utilise 49%
ven. 28 nov. 2025 07:30:01 CET: ALERTE - /boot utilise 10%
ven. 28 nov. 2025 08:30:01 CET: ALERTE - / utilise 49%
ven. 28 nov. 2025 08:30:01 CET: ALERTE - /boot utilise 10%
ven. 28 nov. 2025 09:30:01 CET: ALERTE - / utilise 49%
ven. 28 nov. 2025 09:30:01 CET: ALERTE - /boot utilise 10%
ven. 28 nov. 2025 10:30:01 CET: ALERTE - / utilise 49%
ven. 28 nov. 2025 10:30:01 CET: ALERTE - /boot utilise 10%
ven. 28 nov. 2025 11:30:01 CET: ALERTE - / utilise 49%
ven. 28 nov. 2025 11:30:01 CET: ALERTE - /boot utilise 10%
ven. 28 nov. 2025 12:30:01 CET: ALERTE - / utilise 49%
ven. 28 nov. 2025 12:30:01 CET: ALERTE - /boot utilise 10%
ven. 28 nov. 2025 13:30:01 CET: ALERTE - / utilise 49%
ven. 28 nov. 2025 13:30:01 CET: ALERTE - /boot utilise 10%
ven. 28 nov. 2025 15:30:01 CET: ALERTE - / utilise 49%
ven. 28 nov. 2025 15:30:01 CET: ALERTE - /boot utilise 10%
ven. 28 nov. 2025 15:33:16 CET: ALERTE - / utilise 49%
ven. 28 nov. 2025 15:33:16 CET: ALERTE - /boot utilise 10%
ven. 28 nov. 2025 16:03:45 CET: ALERTE - / utilise 49%
ven. 28 nov. 2025 16:03:45 CET: ALERTE - /boot utilise 10%
ven. 28 nov. 2025 16:30:01 CET: ALERTE - / utilise 49%
ven. 28 nov. 2025 16:30:01 CET: ALERTE - /boot utilise 10%
ven. 28 nov. 2025 16:34:45 CET: ALERTE - / utilise 49%
ven. 28 nov. 2025 16:34:45 CET: ALERTE - /boot utilise 10%
ven. 28 nov. 2025 17:05:25 CET: ALERTE - / utilise 49%
ven. 28 nov. 2025 17:05:25 CET: ALERTE - /boot utilise 10%
ven. 28 nov. 2025 17:30:01 CET: ALERTE - / utilise 49%
ven. 28 nov. 2025 17:30:01 CET: ALERTE - /boot utilise 10%
ven. 28 nov. 2025 17:35:45 CET: ALERTE - / utilise 49%
ven. 28 nov. 2025 17:35:45 CET: ALERTE - /boot utilise 10%
ven. 28 nov. 2025 18:06:45 CET: ALERTE - / utilise 49%
ven. 28 nov. 2025 18:06:45 CET: ALERTE - /boot utilise 10%
ven. 28 nov. 2025 18:30:01 CET: ALERTE - / utilise 49%
ven. 28 nov. 2025 18:30:01 CET: ALERTE - /boot utilise 10%
ven. 28 nov. 2025 18:37:15 CET: ALERTE - / utilise 49%
ven. 28 nov. 2025 18:37:15 CET: ALERTE - /boot utilise 10%
ven. 28 nov. 2025 19:07:45 CET: ALERTE - / utilise 49%
ven. 28 nov. 2025 19:07:45 CET: ALERTE - /boot utilise 10%
ven. 28 nov. 2025 19:30:01 CET: ALERTE - / utilise 49%
ven. 28 nov. 2025 19:30:01 CET: ALERTE - /boot utilise 10%
ven. 28 nov. 2025 19:38:35 CET: ALERTE - / utilise 49%
ven. 28 nov. 2025 19:38:35 CET: ALERTE - /boot utilise 10%
ven. 28 nov. 2025 20:08:45 CET: ALERTE - / utilise 49%
ven. 28 nov. 2025 20:08:45 CET: ALERTE - /boot utilise 10%
ven. 28 nov. 2025 20:30:01 CET: ALERTE - / utilise 49%
ven. 28 nov. 2025 20:30:01 CET: ALERTE - /boot utilise 10%
ven. 28 nov. 2025 20:39:35 CET: ALERTE - / utilise 49%
ven. 28 nov. 2025 20:39:35 CET: ALERTE - /boot utilise 10%
ven. 28 nov. 2025 21:09:45 CET: ALERTE - / utilise 49%
ven. 28 nov. 2025 21:09:45 CET: ALERTE - /boot utilise 10%
ven. 28 nov. 2025 21:30:01 CET: ALERTE - / utilise 49%
ven. 28 nov. 2025 21:30:01 CET: ALERTE - /boot utilise 10%
ven. 28 nov. 2025 21:40:35 CET: ALERTE - / utilise 49%
ven. 28 nov. 2025 21:40:35 CET: ALERTE - /boot utilise 10%
ven. 28 nov. 2025 22:10:45 CET: ALERTE - / utilise 49%
ven. 28 nov. 2025 22:10:45 CET: ALERTE - /boot utilise 10%
ven. 28 nov. 2025 22:30:01 CET: ALERTE - / utilise 49%
ven. 28 nov. 2025 22:30:01 CET: ALERTE - /boot utilise 10%
ven. 28 nov. 2025 22:40:55 CET: ALERTE - / utilise 49%
ven. 28 nov. 2025 22:40:55 CET: ALERTE - /boot utilise 10%
ven. 28 nov. 2025 23:11:35 CET: ALERTE - / utilise 49%
ven. 28 nov. 2025 23:11:35 CET: ALERTE - /boot utilise 10%
ven. 28 nov. 2025 23:30:01 CET: ALERTE - / utilise 49%
ven. 28 nov. 2025 23:30:01 CET: ALERTE - /boot utilise 10%
ven. 28 nov. 2025 23:41:45 CET: ALERTE - / utilise 49%
ven. 28 nov. 2025 23:41:45 CET: ALERTE - /boot utilise 10%
sam. 29 nov. 2025 00:12:25 CET: ALERTE - / utilise 49%
sam. 29 nov. 2025 00:12:25 CET: ALERTE - /boot utilise 10%
sam. 29 nov. 2025 00:30:01 CET: ALERTE - / utilise 49%
sam. 29 nov. 2025 00:30:01 CET: ALERTE - /boot utilise 10%
sam. 29 nov. 2025 00:42:45 CET: ALERTE - / utilise 49%
sam. 29 nov. 2025 00:42:45 CET: ALERTE - /boot utilise 10%
sam. 29 nov. 2025 01:13:45 CET: ALERTE - / utilise 49%
sam. 29 nov. 2025 01:13:45 CET: ALERTE - /boot utilise 10%
sam. 29 nov. 2025 01:30:01 CET: ALERTE - / utilise 49%
sam. 29 nov. 2025 01:30:01 CET: ALERTE - /boot utilise 10%
sam. 29 nov. 2025 01:44:25 CET: ALERTE - / utilise 49%
sam. 29 nov. 2025 01:44:25 CET: ALERTE - /boot utilise 10%
sam. 29 nov. 2025 02:14:45 CET: ALERTE - / utilise 48%
sam. 29 nov. 2025 02:14:45 CET: ALERTE - /boot utilise 10%
sam. 29 nov. 2025 02:30:01 CET: ALERTE - / utilise 48%
sam. 29 nov. 2025 02:30:01 CET: ALERTE - /boot utilise 10%
sam. 29 nov. 2025 02:45:25 CET: ALERTE - / utilise 48%
sam. 29 nov. 2025 02:45:25 CET: ALERTE - /boot utilise 10%
sam. 29 nov. 2025 03:15:45 CET: ALERTE - / utilise 48%
sam. 29 nov. 2025 03:15:45 CET: ALERTE - /boot utilise 10%
sam. 29 nov. 2025 03:30:01 CET: ALERTE - / utilise 48%
sam. 29 nov. 2025 03:30:01 CET: ALERTE - /boot utilise 10%
sam. 29 nov. 2025 03:45:55 CET: ALERTE - / utilise 48%
sam. 29 nov. 2025 03:45:55 CET: ALERTE - /boot utilise 10%
sam. 29 nov. 2025 04:16:25 CET: ALERTE - / utilise 48%
sam. 29 nov. 2025 04:16:25 CET: ALERTE - /boot utilise 10%
sam. 29 nov. 2025 04:30:01 CET: ALERTE - / utilise 48%
sam. 29 nov. 2025 04:30:01 CET: ALERTE - /boot utilise 10%
sam. 29 nov. 2025 04:46:45 CET: ALERTE - / utilise 48%
sam. 29 nov. 2025 04:46:45 CET: ALERTE - /boot utilise 10%
sam. 29 nov. 2025 05:17:25 CET: ALERTE - / utilise 48%
sam. 29 nov. 2025 05:17:25 CET: ALERTE - /boot utilise 10%
sam. 29 nov. 2025 05:30:01 CET: ALERTE - / utilise 48%
sam. 29 nov. 2025 05:30:01 CET: ALERTE - /boot utilise 10%
sam. 29 nov. 2025 05:47:45 CET: ALERTE - / utilise 48%
sam. 29 nov. 2025 05:47:45 CET: ALERTE - /boot utilise 10%
sam. 29 nov. 2025 06:18:45 CET: ALERTE - / utilise 49%
sam. 29 nov. 2025 06:18:45 CET: ALERTE - /boot utilise 10%
sam. 29 nov. 2025 06:30:01 CET: ALERTE - / utilise 49%
sam. 29 nov. 2025 06:30:01 CET: ALERTE - /boot utilise 10%
sam. 29 nov. 2025 06:49:25 CET: ALERTE - / utilise 49%
sam. 29 nov. 2025 06:49:25 CET: ALERTE - /boot utilise 10%
sam. 29 nov. 2025 07:19:45 CET: ALERTE - / utilise 49%
sam. 29 nov. 2025 07:19:45 CET: ALERTE - /boot utilise 10%
sam. 29 nov. 2025 07:30:01 CET: ALERTE - / utilise 49%
sam. 29 nov. 2025 07:30:01 CET: ALERTE - /boot utilise 10%
sam. 29 nov. 2025 07:50:35 CET: ALERTE - / utilise 49%
sam. 29 nov. 2025 07:50:35 CET: ALERTE - /boot utilise 10%
sam. 29 nov. 2025 08:20:45 CET: ALERTE - / utilise 49%
sam. 29 nov. 2025 08:20:45 CET: ALERTE - /boot utilise 10%
sam. 29 nov. 2025 08:30:01 CET: ALERTE - / utilise 49%
sam. 29 nov. 2025 08:30:01 CET: ALERTE - /boot utilise 10%
sam. 29 nov. 2025 08:51:45 CET: ALERTE - / utilise 49%
sam. 29 nov. 2025 08:51:45 CET: ALERTE - /boot utilise 10%
sam. 29 nov. 2025 09:22:25 CET: ALERTE - / utilise 49%
sam. 29 nov. 2025 09:22:25 CET: ALERTE - /boot utilise 10%
sam. 29 nov. 2025 09:30:01 CET: ALERTE - / utilise 49%
sam. 29 nov. 2025 09:30:01 CET: ALERTE - /boot utilise 10%
sam. 29 nov. 2025 09:52:45 CET: ALERTE - / utilise 49%
sam. 29 nov. 2025 09:52:45 CET: ALERTE - /boot utilise 10%
sam. 29 nov. 2025 10:23:35 CET: ALERTE - / utilise 49%
sam. 29 nov. 2025 10:23:35 CET: ALERTE - /boot utilise 10%
sam. 29 nov. 2025 10:30:02 CET: ALERTE - / utilise 49%
sam. 29 nov. 2025 10:30:02 CET: ALERTE - /boot utilise 10%
sam. 29 nov. 2025 10:53:45 CET: ALERTE - / utilise 49%
sam. 29 nov. 2025 10:53:45 CET: ALERTE - /boot utilise 10%
sam. 29 nov. 2025 11:24:45 CET: ALERTE - / utilise 49%
sam. 29 nov. 2025 11:24:45 CET: ALERTE - /boot utilise 10%
sam. 29 nov. 2025 11:30:01 CET: ALERTE - / utilise 49%
sam. 29 nov. 2025 11:30:01 CET: ALERTE - /boot utilise 10%
sam. 29 nov. 2025 11:55:25 CET: ALERTE - / utilise 49%
sam. 29 nov. 2025 11:55:25 CET: ALERTE - /boot utilise 10%
sam. 29 nov. 2025 12:25:45 CET: ALERTE - / utilise 49%
sam. 29 nov. 2025 12:25:45 CET: ALERTE - /boot utilise 10%
sam. 29 nov. 2025 12:30:01 CET: ALERTE - / utilise 49%
sam. 29 nov. 2025 12:30:01 CET: ALERTE - /boot utilise 10%
sam. 29 nov. 2025 12:56:45 CET: ALERTE - / utilise 49%
sam. 29 nov. 2025 12:56:45 CET: ALERTE - /boot utilise 10%
sam. 29 nov. 2025 13:27:25 CET: ALERTE - / utilise 49%
sam. 29 nov. 2025 13:27:25 CET: ALERTE - /boot utilise 10%
sam. 29 nov. 2025 13:30:01 CET: ALERTE - / utilise 49%
sam. 29 nov. 2025 13:30:01 CET: ALERTE - /boot utilise 10%
sam. 29 nov. 2025 13:57:45 CET: ALERTE - / utilise 49%
sam. 29 nov. 2025 13:57:45 CET: ALERTE - /boot utilise 10%
sam. 29 nov. 2025 14:27:46 CET: ALERTE - / utilise 49%
sam. 29 nov. 2025 14:27:46 CET: ALERTE - /boot utilise 10%
sam. 29 nov. 2025 14:30:01 CET: ALERTE - / utilise 49%
sam. 29 nov. 2025 14:30:01 CET: ALERTE - /boot utilise 10%
sam. 29 nov. 2025 14:58:45 CET: ALERTE - / utilise 49%
sam. 29 nov. 2025 14:58:45 CET: ALERTE - /boot utilise 10%
sam. 29 nov. 2025 15:29:35 CET: ALERTE - / utilise 49%
sam. 29 nov. 2025 15:29:35 CET: ALERTE - /boot utilise 10%
sam. 29 nov. 2025 15:30:01 CET: ALERTE - / utilise 49%
sam. 29 nov. 2025 15:30:01 CET: ALERTE - /boot utilise 10%
sam. 29 nov. 2025 15:59:45 CET: ALERTE - / utilise 49%
sam. 29 nov. 2025 15:59:45 CET: ALERTE - /boot utilise 10%
sam. 29 nov. 2025 16:29:45 CET: ALERTE - / utilise 49%
sam. 29 nov. 2025 16:29:45 CET: ALERTE - /boot utilise 10%
sam. 29 nov. 2025 16:30:01 CET: ALERTE - / utilise 49%
sam. 29 nov. 2025 16:30:01 CET: ALERTE - /boot utilise 10%
sam. 29 nov. 2025 17:00:25 CET: ALERTE - / utilise 49%
sam. 29 nov. 2025 17:00:25 CET: ALERTE - /boot utilise 10%
sam. 29 nov. 2025 17:30:01 CET: ALERTE - / utilise 49%
sam. 29 nov. 2025 17:30:01 CET: ALERTE - /boot utilise 10%
sam. 29 nov. 2025 17:30:35 CET: ALERTE - / utilise 49%
sam. 29 nov. 2025 17:30:35 CET: ALERTE - /boot utilise 10%
sam. 29 nov. 2025 18:00:45 CET: ALERTE - / utilise 49%
sam. 29 nov. 2025 18:00:45 CET: ALERTE - /boot utilise 10%
sam. 29 nov. 2025 18:30:01 CET: ALERTE - / utilise 49%
sam. 29 nov. 2025 18:30:01 CET: ALERTE - /boot utilise 10%
sam. 29 nov. 2025 18:31:05 CET: ALERTE - / utilise 49%
sam. 29 nov. 2025 18:31:05 CET: ALERTE - /boot utilise 10%
sam. 29 nov. 2025 19:01:45 CET: ALERTE - / utilise 49%
sam. 29 nov. 2025 19:01:45 CET: ALERTE - /boot utilise 10%
sam. 29 nov. 2025 19:30:01 CET: ALERTE - / utilise 49%
sam. 29 nov. 2025 19:30:01 CET: ALERTE - /boot utilise 10%
sam. 29 nov. 2025 19:32:00 CET: ALERTE - / utilise 49%
sam. 29 nov. 2025 19:32:00 CET: ALERTE - /boot utilise 10%
sam. 29 nov. 2025 20:02:35 CET: ALERTE - / utilise 49%
sam. 29 nov. 2025 20:02:35 CET: ALERTE - /boot utilise 10%
sam. 29 nov. 2025 20:30:01 CET: ALERTE - / utilise 49%
sam. 29 nov. 2025 20:30:01 CET: ALERTE - /boot utilise 10%
sam. 29 nov. 2025 20:32:45 CET: ALERTE - / utilise 49%
sam. 29 nov. 2025 20:32:45 CET: ALERTE - /boot utilise 10%
sam. 29 nov. 2025 21:03:45 CET: ALERTE - / utilise 49%
sam. 29 nov. 2025 21:03:45 CET: ALERTE - /boot utilise 10%
sam. 29 nov. 2025 21:30:01 CET: ALERTE - / utilise 49%
sam. 29 nov. 2025 21:30:01 CET: ALERTE - /boot utilise 10%
sam. 29 nov. 2025 21:34:15 CET: ALERTE - / utilise 49%
sam. 29 nov. 2025 21:34:15 CET: ALERTE - /boot utilise 10%
sam. 29 nov. 2025 22:04:45 CET: ALERTE - / utilise 49%
sam. 29 nov. 2025 22:04:45 CET: ALERTE - /boot utilise 10%
sam. 29 nov. 2025 22:30:01 CET: ALERTE - / utilise 49%
sam. 29 nov. 2025 22:30:01 CET: ALERTE - /boot utilise 10%
sam. 29 nov. 2025 22:35:35 CET: ALERTE - / utilise 49%
sam. 29 nov. 2025 22:35:35 CET: ALERTE - /boot utilise 10%
sam. 29 nov. 2025 23:05:45 CET: ALERTE - / utilise 49%
sam. 29 nov. 2025 23:05:45 CET: ALERTE - /boot utilise 10%
sam. 29 nov. 2025 23:30:01 CET: ALERTE - / utilise 49%
sam. 29 nov. 2025 23:30:01 CET: ALERTE - /boot utilise 10%
sam. 29 nov. 2025 23:35:55 CET: ALERTE - / utilise 49%
sam. 29 nov. 2025 23:35:55 CET: ALERTE - /boot utilise 10%
dim. 30 nov. 2025 00:06:35 CET: ALERTE - / utilise 49%
dim. 30 nov. 2025 00:06:35 CET: ALERTE - /boot utilise 10%
dim. 30 nov. 2025 00:30:01 CET: ALERTE - / utilise 49%
dim. 30 nov. 2025 00:30:01 CET: ALERTE - /boot utilise 10%
dim. 30 nov. 2025 00:36:45 CET: ALERTE - / utilise 49%
dim. 30 nov. 2025 00:36:45 CET: ALERTE - /boot utilise 10%
dim. 30 nov. 2025 01:07:25 CET: ALERTE - / utilise 49%
dim. 30 nov. 2025 01:07:25 CET: ALERTE - /boot utilise 10%
dim. 30 nov. 2025 01:30:01 CET: ALERTE - / utilise 49%
dim. 30 nov. 2025 01:30:01 CET: ALERTE - /boot utilise 10%
dim. 30 nov. 2025 01:37:45 CET: ALERTE - / utilise 49%
dim. 30 nov. 2025 01:37:45 CET: ALERTE - /boot utilise 10%
dim. 30 nov. 2025 02:08:45 CET: ALERTE - / utilise 48%
dim. 30 nov. 2025 02:08:45 CET: ALERTE - /boot utilise 10%
dim. 30 nov. 2025 02:30:01 CET: ALERTE - / utilise 48%
dim. 30 nov. 2025 02:30:01 CET: ALERTE - /boot utilise 10%
dim. 30 nov. 2025 02:39:35 CET: ALERTE - / utilise 48%
dim. 30 nov. 2025 02:39:35 CET: ALERTE - /boot utilise 10%
dim. 30 nov. 2025 03:09:45 CET: ALERTE - / utilise 48%
dim. 30 nov. 2025 03:09:45 CET: ALERTE - /boot utilise 10%
dim. 30 nov. 2025 03:30:01 CET: ALERTE - / utilise 48%
dim. 30 nov. 2025 03:30:01 CET: ALERTE - /boot utilise 10%
dim. 30 nov. 2025 03:40:35 CET: ALERTE - / utilise 48%
dim. 30 nov. 2025 03:40:35 CET: ALERTE - /boot utilise 10%
dim. 30 nov. 2025 04:10:45 CET: ALERTE - / utilise 48%
dim. 30 nov. 2025 04:10:45 CET: ALERTE - /boot utilise 10%
dim. 30 nov. 2025 04:30:01 CET: ALERTE - / utilise 48%
dim. 30 nov. 2025 04:30:01 CET: ALERTE - /boot utilise 10%
dim. 30 nov. 2025 04:40:55 CET: ALERTE - / utilise 48%
dim. 30 nov. 2025 04:40:55 CET: ALERTE - /boot utilise 10%
dim. 30 nov. 2025 05:11:15 CET: ALERTE - / utilise 48%
dim. 30 nov. 2025 05:11:15 CET: ALERTE - /boot utilise 10%
dim. 30 nov. 2025 05:30:01 CET: ALERTE - / utilise 48%
dim. 30 nov. 2025 05:30:01 CET: ALERTE - /boot utilise 10%
dim. 30 nov. 2025 05:41:45 CET: ALERTE - / utilise 48%
dim. 30 nov. 2025 05:41:45 CET: ALERTE - /boot utilise 10%
dim. 30 nov. 2025 06:12:25 CET: ALERTE - / utilise 48%
dim. 30 nov. 2025 06:12:25 CET: ALERTE - /boot utilise 10%
dim. 30 nov. 2025 06:30:01 CET: ALERTE - / utilise 49%
dim. 30 nov. 2025 06:30:01 CET: ALERTE - /boot utilise 10%
dim. 30 nov. 2025 06:42:45 CET: ALERTE - / utilise 49%
dim. 30 nov. 2025 06:42:45 CET: ALERTE - /boot utilise 10%
dim. 30 nov. 2025 07:13:45 CET: ALERTE - / utilise 49%
dim. 30 nov. 2025 07:13:45 CET: ALERTE - /boot utilise 10%
dim. 30 nov. 2025 07:30:01 CET: ALERTE - / utilise 49%
dim. 30 nov. 2025 07:30:01 CET: ALERTE - /boot utilise 10%
dim. 30 nov. 2025 07:44:25 CET: ALERTE - / utilise 49%
dim. 30 nov. 2025 07:44:25 CET: ALERTE - /boot utilise 10%
dim. 30 nov. 2025 08:14:45 CET: ALERTE - / utilise 49%
dim. 30 nov. 2025 08:14:45 CET: ALERTE - /boot utilise 10%
dim. 30 nov. 2025 08:30:01 CET: ALERTE - / utilise 49%
dim. 30 nov. 2025 08:30:01 CET: ALERTE - /boot utilise 10%
dim. 30 nov. 2025 08:45:25 CET: ALERTE - / utilise 49%
dim. 30 nov. 2025 08:45:25 CET: ALERTE - /boot utilise 10%
dim. 30 nov. 2025 09:15:45 CET: ALERTE - / utilise 49%
dim. 30 nov. 2025 09:15:45 CET: ALERTE - /boot utilise 10%
dim. 30 nov. 2025 09:30:01 CET: ALERTE - / utilise 49%
dim. 30 nov. 2025 09:30:01 CET: ALERTE - /boot utilise 10%
dim. 30 nov. 2025 09:46:45 CET: ALERTE - / utilise 49%
dim. 30 nov. 2025 09:46:45 CET: ALERTE - /boot utilise 10%
dim. 30 nov. 2025 10:17:15 CET: ALERTE - / utilise 49%
dim. 30 nov. 2025 10:17:15 CET: ALERTE - /boot utilise 10%
dim. 30 nov. 2025 10:30:01 CET: ALERTE - / utilise 49%
dim. 30 nov. 2025 10:30:01 CET: ALERTE - /boot utilise 10%
dim. 30 nov. 2025 10:47:35 CET: ALERTE - / utilise 49%
dim. 30 nov. 2025 10:47:35 CET: ALERTE - /boot utilise 10%
dim. 30 nov. 2025 11:17:45 CET: ALERTE - / utilise 49%
dim. 30 nov. 2025 11:17:45 CET: ALERTE - /boot utilise 10%
dim. 30 nov. 2025 11:30:01 CET: ALERTE - / utilise 49%
dim. 30 nov. 2025 11:30:01 CET: ALERTE - /boot utilise 10%
dim. 30 nov. 2025 11:48:05 CET: ALERTE - / utilise 49%
dim. 30 nov. 2025 11:48:05 CET: ALERTE - /boot utilise 10%
dim. 30 nov. 2025 12:18:45 CET: ALERTE - / utilise 49%
dim. 30 nov. 2025 12:18:45 CET: ALERTE - /boot utilise 10%
dim. 30 nov. 2025 12:30:01 CET: ALERTE - / utilise 49%
dim. 30 nov. 2025 12:30:01 CET: ALERTE - /boot utilise 10%
dim. 30 nov. 2025 12:49:15 CET: ALERTE - / utilise 49%
dim. 30 nov. 2025 12:49:15 CET: ALERTE - /boot utilise 10%
dim. 30 nov. 2025 13:19:45 CET: ALERTE - / utilise 49%
dim. 30 nov. 2025 13:19:45 CET: ALERTE - /boot utilise 10%
dim. 30 nov. 2025 13:30:01 CET: ALERTE - / utilise 49%
dim. 30 nov. 2025 13:30:01 CET: ALERTE - /boot utilise 10%
dim. 30 nov. 2025 13:50:35 CET: ALERTE - / utilise 49%
dim. 30 nov. 2025 13:50:35 CET: ALERTE - /boot utilise 10%
dim. 30 nov. 2025 14:20:45 CET: ALERTE - / utilise 49%
dim. 30 nov. 2025 14:20:45 CET: ALERTE - /boot utilise 10%
dim. 30 nov. 2025 14:30:01 CET: ALERTE - / utilise 49%
dim. 30 nov. 2025 14:30:01 CET: ALERTE - /boot utilise 10%
dim. 30 nov. 2025 14:51:35 CET: ALERTE - / utilise 49%
dim. 30 nov. 2025 14:51:35 CET: ALERTE - /boot utilise 10%
dim. 30 nov. 2025 15:21:45 CET: ALERTE - / utilise 49%
dim. 30 nov. 2025 15:21:45 CET: ALERTE - /boot utilise 10%
dim. 30 nov. 2025 15:30:01 CET: ALERTE - / utilise 49%
dim. 30 nov. 2025 15:30:01 CET: ALERTE - /boot utilise 10%
dim. 30 nov. 2025 15:52:45 CET: ALERTE - / utilise 49%
dim. 30 nov. 2025 15:52:45 CET: ALERTE - /boot utilise 10%
dim. 30 nov. 2025 16:23:25 CET: ALERTE - / utilise 49%
dim. 30 nov. 2025 16:23:25 CET: ALERTE - /boot utilise 10%
dim. 30 nov. 2025 16:30:01 CET: ALERTE - / utilise 49%
dim. 30 nov. 2025 16:30:01 CET: ALERTE - /boot utilise 10%
dim. 30 nov. 2025 16:53:45 CET: ALERTE - / utilise 49%
dim. 30 nov. 2025 16:53:45 CET: ALERTE - /boot utilise 10%
dim. 30 nov. 2025 17:24:45 CET: ALERTE - / utilise 49%
dim. 30 nov. 2025 17:24:45 CET: ALERTE - /boot utilise 10%
dim. 30 nov. 2025 17:30:01 CET: ALERTE - / utilise 49%
dim. 30 nov. 2025 17:30:01 CET: ALERTE - /boot utilise 10%
dim. 30 nov. 2025 17:55:25 CET: ALERTE - / utilise 49%
dim. 30 nov. 2025 17:55:25 CET: ALERTE - /boot utilise 10%
dim. 30 nov. 2025 18:25:45 CET: ALERTE - / utilise 49%
dim. 30 nov. 2025 18:25:45 CET: ALERTE - /boot utilise 10%
dim. 30 nov. 2025 18:30:01 CET: ALERTE - / utilise 49%
dim. 30 nov. 2025 18:30:01 CET: ALERTE - /boot utilise 10%
dim. 30 nov. 2025 18:56:35 CET: ALERTE - / utilise 49%
dim. 30 nov. 2025 18:56:35 CET: ALERTE - /boot utilise 10%
dim. 30 nov. 2025 19:26:45 CET: ALERTE - / utilise 49%
dim. 30 nov. 2025 19:26:45 CET: ALERTE - /boot utilise 10%
dim. 30 nov. 2025 19:30:01 CET: ALERTE - / utilise 49%
dim. 30 nov. 2025 19:30:01 CET: ALERTE - /boot utilise 10%
dim. 30 nov. 2025 19:57:35 CET: ALERTE - / utilise 49%
dim. 30 nov. 2025 19:57:35 CET: ALERTE - /boot utilise 10%
dim. 30 nov. 2025 20:27:45 CET: ALERTE - / utilise 49%
dim. 30 nov. 2025 20:27:45 CET: ALERTE - /boot utilise 10%
dim. 30 nov. 2025 20:30:01 CET: ALERTE - / utilise 49%
dim. 30 nov. 2025 20:30:01 CET: ALERTE - /boot utilise 10%
dim. 30 nov. 2025 20:58:45 CET: ALERTE - / utilise 49%
dim. 30 nov. 2025 20:58:45 CET: ALERTE - /boot utilise 10%
dim. 30 nov. 2025 21:29:35 CET: ALERTE - / utilise 49%
dim. 30 nov. 2025 21:29:35 CET: ALERTE - /boot utilise 10%
dim. 30 nov. 2025 21:30:01 CET: ALERTE - / utilise 49%
dim. 30 nov. 2025 21:30:01 CET: ALERTE - /boot utilise 10%
dim. 30 nov. 2025 21:59:45 CET: ALERTE - / utilise 49%
dim. 30 nov. 2025 21:59:45 CET: ALERTE - /boot utilise 10%
dim. 30 nov. 2025 22:30:01 CET: ALERTE - / utilise 49%
dim. 30 nov. 2025 22:30:01 CET: ALERTE - /boot utilise 10%
dim. 30 nov. 2025 22:30:35 CET: ALERTE - / utilise 49%
dim. 30 nov. 2025 22:30:35 CET: ALERTE - /boot utilise 10%
dim. 30 nov. 2025 23:00:45 CET: ALERTE - / utilise 49%
dim. 30 nov. 2025 23:00:45 CET: ALERTE - /boot utilise 10%
dim. 30 nov. 2025 23:30:01 CET: ALERTE - / utilise 49%
dim. 30 nov. 2025 23:30:01 CET: ALERTE - /boot utilise 10%
dim. 30 nov. 2025 23:30:55 CET: ALERTE - / utilise 49%
dim. 30 nov. 2025 23:30:55 CET: ALERTE - /boot utilise 10%
lun. 01 déc. 2025 00:01:35 CET: ALERTE - / utilise 49%
lun. 01 déc. 2025 00:01:35 CET: ALERTE - /boot utilise 10%
lun. 01 déc. 2025 00:30:01 CET: ALERTE - / utilise 49%
lun. 01 déc. 2025 00:30:01 CET: ALERTE - /boot utilise 10%
lun. 01 déc. 2025 00:31:45 CET: ALERTE - / utilise 49%
lun. 01 déc. 2025 00:31:45 CET: ALERTE - /boot utilise 10%
lun. 01 déc. 2025 01:02:25 CET: ALERTE - / utilise 49%
lun. 01 déc. 2025 01:02:25 CET: ALERTE - /boot utilise 10%
lun. 01 déc. 2025 01:30:01 CET: ALERTE - / utilise 49%
lun. 01 déc. 2025 01:30:01 CET: ALERTE - /boot utilise 10%
lun. 01 déc. 2025 01:32:35 CET: ALERTE - / utilise 49%
lun. 01 déc. 2025 01:32:35 CET: ALERTE - /boot utilise 10%
lun. 01 déc. 2025 02:02:35 CET: ALERTE - / utilise 48%
lun. 01 déc. 2025 02:02:35 CET: ALERTE - /boot utilise 10%
lun. 01 déc. 2025 02:30:01 CET: ALERTE - / utilise 48%
lun. 01 déc. 2025 02:30:01 CET: ALERTE - /boot utilise 10%
lun. 01 déc. 2025 02:32:45 CET: ALERTE - / utilise 48%
lun. 01 déc. 2025 02:32:45 CET: ALERTE - /boot utilise 10%
lun. 01 déc. 2025 03:03:45 CET: ALERTE - / utilise 48%
lun. 01 déc. 2025 03:03:45 CET: ALERTE - /boot utilise 10%
lun. 01 déc. 2025 03:30:01 CET: ALERTE - / utilise 48%
lun. 01 déc. 2025 03:30:01 CET: ALERTE - /boot utilise 10%
lun. 01 déc. 2025 03:34:35 CET: ALERTE - / utilise 48%
lun. 01 déc. 2025 03:34:35 CET: ALERTE - /boot utilise 10%
lun. 01 déc. 2025 04:04:45 CET: ALERTE - / utilise 48%
lun. 01 déc. 2025 04:04:45 CET: ALERTE - /boot utilise 10%
lun. 01 déc. 2025 04:30:01 CET: ALERTE - / utilise 48%
lun. 01 déc. 2025 04:30:01 CET: ALERTE - /boot utilise 10%
lun. 01 déc. 2025 04:35:45 CET: ALERTE - / utilise 48%
lun. 01 déc. 2025 04:35:45 CET: ALERTE - /boot utilise 10%
lun. 01 déc. 2025 05:06:25 CET: ALERTE - / utilise 48%
lun. 01 déc. 2025 05:06:25 CET: ALERTE - /boot utilise 10%
lun. 01 déc. 2025 05:30:01 CET: ALERTE - / utilise 48%
lun. 01 déc. 2025 05:30:01 CET: ALERTE - /boot utilise 10%
lun. 01 déc. 2025 05:36:35 CET: ALERTE - / utilise 48%
lun. 01 déc. 2025 05:36:35 CET: ALERTE - /boot utilise 10%
lun. 01 déc. 2025 06:06:45 CET: ALERTE - / utilise 48%
lun. 01 déc. 2025 06:06:45 CET: ALERTE - /boot utilise 10%
lun. 01 déc. 2025 06:30:01 CET: ALERTE - / utilise 49%
lun. 01 déc. 2025 06:30:01 CET: ALERTE - /boot utilise 10%
lun. 01 déc. 2025 06:36:55 CET: ALERTE - / utilise 49%
lun. 01 déc. 2025 06:36:55 CET: ALERTE - /boot utilise 10%
lun. 01 déc. 2025 07:07:35 CET: ALERTE - / utilise 49%
lun. 01 déc. 2025 07:07:35 CET: ALERTE - /boot utilise 10%
lun. 01 déc. 2025 07:30:01 CET: ALERTE - / utilise 49%
lun. 01 déc. 2025 07:30:01 CET: ALERTE - /boot utilise 10%
lun. 01 déc. 2025 07:37:45 CET: ALERTE - / utilise 49%
lun. 01 déc. 2025 07:37:45 CET: ALERTE - /boot utilise 10%
lun. 01 déc. 2025 08:08:45 CET: ALERTE - / utilise 49%
lun. 01 déc. 2025 08:08:45 CET: ALERTE - /boot utilise 10%
lun. 01 déc. 2025 08:30:01 CET: ALERTE - / utilise 49%
lun. 01 déc. 2025 08:30:01 CET: ALERTE - /boot utilise 10%
lun. 01 déc. 2025 08:39:25 CET: ALERTE - / utilise 49%
lun. 01 déc. 2025 08:39:25 CET: ALERTE - /boot utilise 10%
lun. 01 déc. 2025 09:09:45 CET: ALERTE - / utilise 49%
lun. 01 déc. 2025 09:09:45 CET: ALERTE - /boot utilise 10%
lun. 01 déc. 2025 09:30:01 CET: ALERTE - / utilise 49%
lun. 01 déc. 2025 09:30:01 CET: ALERTE - /boot utilise 10%
lun. 01 déc. 2025 09:40:35 CET: ALERTE - / utilise 49%
lun. 01 déc. 2025 09:40:35 CET: ALERTE - /boot utilise 10%
lun. 01 déc. 2025 10:10:35 CET: ALERTE - / utilise 49%
lun. 01 déc. 2025 10:10:35 CET: ALERTE - /boot utilise 10%
lun. 01 déc. 2025 10:30:01 CET: ALERTE - / utilise 49%
lun. 01 déc. 2025 10:30:01 CET: ALERTE - /boot utilise 10%
lun. 01 déc. 2025 10:40:35 CET: ALERTE - / utilise 49%
lun. 01 déc. 2025 10:40:35 CET: ALERTE - /boot utilise 10%
lun. 01 déc. 2025 10:50:57 CET: ALERTE - / utilise 49%
lun. 01 déc. 2025 10:50:57 CET: ALERTE - /boot utilise 10%
lun. 01 déc. 2025 11:21:45 CET: ALERTE - / utilise 49%
lun. 01 déc. 2025 11:21:45 CET: ALERTE - /boot utilise 10%
lun. 01 déc. 2025 11:30:01 CET: ALERTE - / utilise 49%
lun. 01 déc. 2025 11:30:01 CET: ALERTE - /boot utilise 10%
lun. 01 déc. 2025 11:52:15 CET: ALERTE - / utilise 49%
lun. 01 déc. 2025 11:52:15 CET: ALERTE - /boot utilise 10%
lun. 01 déc. 2025 12:22:45 CET: ALERTE - / utilise 49%
lun. 01 déc. 2025 12:22:45 CET: ALERTE - /boot utilise 10%
lun. 01 déc. 2025 12:30:01 CET: ALERTE - / utilise 49%
lun. 01 déc. 2025 12:30:01 CET: ALERTE - /boot utilise 10%
lun. 01 déc. 2025 12:53:35 CET: ALERTE - / utilise 49%
lun. 01 déc. 2025 12:53:35 CET: ALERTE - /boot utilise 10%
lun. 01 déc. 2025 13:23:45 CET: ALERTE - / utilise 49%
lun. 01 déc. 2025 13:23:45 CET: ALERTE - /boot utilise 10%
lun. 01 déc. 2025 13:30:01 CET: ALERTE - / utilise 49%
lun. 01 déc. 2025 13:30:01 CET: ALERTE - /boot utilise 10%
lun. 01 déc. 2025 13:54:45 CET: ALERTE - / utilise 49%
lun. 01 déc. 2025 13:54:45 CET: ALERTE - /boot utilise 10%
lun. 01 déc. 2025 14:24:48 CET: ALERTE - / utilise 49%
lun. 01 déc. 2025 14:24:48 CET: ALERTE - /boot utilise 10%
lun. 01 déc. 2025 14:30:01 CET: ALERTE - / utilise 49%
lun. 01 déc. 2025 14:30:01 CET: ALERTE - /boot utilise 10%
lun. 01 déc. 2025 14:54:55 CET: ALERTE - / utilise 49%
lun. 01 déc. 2025 14:54:55 CET: ALERTE - /boot utilise 10%
lun. 01 déc. 2025 15:25:35 CET: ALERTE - / utilise 49%
lun. 01 déc. 2025 15:25:35 CET: ALERTE - /boot utilise 10%
lun. 01 déc. 2025 15:30:01 CET: ALERTE - / utilise 49%
lun. 01 déc. 2025 15:30:01 CET: ALERTE - /boot utilise 10%
lun. 01 déc. 2025 15:55:45 CET: ALERTE - / utilise 49%
lun. 01 déc. 2025 15:55:45 CET: ALERTE - /boot utilise 10%
lun. 01 déc. 2025 16:26:35 CET: ALERTE - / utilise 49%
lun. 01 déc. 2025 16:26:35 CET: ALERTE - /boot utilise 10%
lun. 01 déc. 2025 16:30:02 CET: ALERTE - / utilise 49%
lun. 01 déc. 2025 16:30:02 CET: ALERTE - /boot utilise 10%
lun. 01 déc. 2025 16:56:45 CET: ALERTE - / utilise 49%
lun. 01 déc. 2025 16:56:45 CET: ALERTE - /boot utilise 10%
lun. 01 déc. 2025 17:27:45 CET: ALERTE - / utilise 49%
lun. 01 déc. 2025 17:27:45 CET: ALERTE - /boot utilise 10%
lun. 01 déc. 2025 17:58:25 CET: ALERTE - / utilise 49%
lun. 01 déc. 2025 17:58:25 CET: ALERTE - /boot utilise 10%
lun. 01 déc. 2025 18:28:45 CET: ALERTE - / utilise 49%
lun. 01 déc. 2025 18:28:45 CET: ALERTE - /boot utilise 10%
lun. 01 déc. 2025 18:59:45 CET: ALERTE - / utilise 49%
lun. 01 déc. 2025 18:59:45 CET: ALERTE - /boot utilise 10%
lun. 01 déc. 2025 19:30:25 CET: ALERTE - / utilise 49%
lun. 01 déc. 2025 19:30:25 CET: ALERTE - /boot utilise 10%
lun. 01 déc. 2025 20:00:35 CET: ALERTE - / utilise 49%
lun. 01 déc. 2025 20:00:35 CET: ALERTE - /boot utilise 10%
lun. 01 déc. 2025 20:30:35 CET: ALERTE - / utilise 49%
lun. 01 déc. 2025 20:30:35 CET: ALERTE - /boot utilise 10%
lun. 01 déc. 2025 21:00:35 CET: ALERTE - / utilise 49%
lun. 01 déc. 2025 21:00:35 CET: ALERTE - /boot utilise 10%
lun. 01 déc. 2025 21:30:45 CET: ALERTE - / utilise 49%
lun. 01 déc. 2025 21:30:45 CET: ALERTE - /boot utilise 10%
lun. 01 déc. 2025 22:00:55 CET: ALERTE - / utilise 49%
lun. 01 déc. 2025 22:00:55 CET: ALERTE - /boot utilise 10%
lun. 01 déc. 2025 22:31:35 CET: ALERTE - / utilise 49%
lun. 01 déc. 2025 22:31:35 CET: ALERTE - /boot utilise 10%
lun. 01 déc. 2025 23:01:45 CET: ALERTE - / utilise 49%
lun. 01 déc. 2025 23:01:45 CET: ALERTE - /boot utilise 10%
lun. 01 déc. 2025 23:32:45 CET: ALERTE - / utilise 49%
lun. 01 déc. 2025 23:32:45 CET: ALERTE - /boot utilise 10%
mar. 02 déc. 2025 00:03:35 CET: ALERTE - / utilise 49%
mar. 02 déc. 2025 00:03:35 CET: ALERTE - /boot utilise 10%
mar. 02 déc. 2025 00:33:45 CET: ALERTE - / utilise 49%
mar. 02 déc. 2025 00:33:45 CET: ALERTE - /boot utilise 10%
mar. 02 déc. 2025 01:04:45 CET: ALERTE - / utilise 49%
mar. 02 déc. 2025 01:04:45 CET: ALERTE - /boot utilise 10%
mar. 02 déc. 2025 01:35:25 CET: ALERTE - / utilise 49%
mar. 02 déc. 2025 01:35:25 CET: ALERTE - /boot utilise 10%
mar. 02 déc. 2025 02:05:45 CET: ALERTE - / utilise 48%
mar. 02 déc. 2025 02:05:45 CET: ALERTE - /boot utilise 10%
mar. 02 déc. 2025 02:36:25 CET: ALERTE - / utilise 48%
mar. 02 déc. 2025 02:36:25 CET: ALERTE - /boot utilise 10%
mar. 02 déc. 2025 03:06:45 CET: ALERTE - / utilise 48%
mar. 02 déc. 2025 03:06:45 CET: ALERTE - /boot utilise 10%
mar. 02 déc. 2025 03:37:35 CET: ALERTE - / utilise 48%
mar. 02 déc. 2025 03:37:35 CET: ALERTE - /boot utilise 10%
mar. 02 déc. 2025 04:07:45 CET: ALERTE - / utilise 48%
mar. 02 déc. 2025 04:07:45 CET: ALERTE - /boot utilise 10%
mar. 02 déc. 2025 04:38:45 CET: ALERTE - / utilise 48%
mar. 02 déc. 2025 04:38:45 CET: ALERTE - /boot utilise 10%
mar. 02 déc. 2025 05:09:35 CET: ALERTE - / utilise 48%
mar. 02 déc. 2025 05:09:35 CET: ALERTE - /boot utilise 10%
mar. 02 déc. 2025 05:39:45 CET: ALERTE - / utilise 48%
mar. 02 déc. 2025 05:39:45 CET: ALERTE - /boot utilise 10%
mar. 02 déc. 2025 06:10:35 CET: ALERTE - / utilise 48%
mar. 02 déc. 2025 06:10:35 CET: ALERTE - /boot utilise 10%
mar. 02 déc. 2025 06:40:45 CET: ALERTE - / utilise 49%
mar. 02 déc. 2025 06:40:45 CET: ALERTE - /boot utilise 10%
mar. 02 déc. 2025 07:11:45 CET: ALERTE - / utilise 49%
mar. 02 déc. 2025 07:11:45 CET: ALERTE - /boot utilise 10%
mar. 02 déc. 2025 07:42:25 CET: ALERTE - / utilise 49%
mar. 02 déc. 2025 07:42:25 CET: ALERTE - /boot utilise 10%
mar. 02 déc. 2025 08:12:35 CET: ALERTE - / utilise 49%
mar. 02 déc. 2025 08:12:35 CET: ALERTE - /boot utilise 10%
mar. 02 déc. 2025 08:42:45 CET: ALERTE - / utilise 49%
mar. 02 déc. 2025 08:42:45 CET: ALERTE - /boot utilise 10%
mar. 02 déc. 2025 09:13:15 CET: ALERTE - / utilise 49%
mar. 02 déc. 2025 09:13:15 CET: ALERTE - /boot utilise 10%
mar. 02 déc. 2025 09:43:45 CET: ALERTE - / utilise 49%
mar. 02 déc. 2025 09:43:45 CET: ALERTE - /boot utilise 10%
mar. 02 déc. 2025 10:14:25 CET: ALERTE - / utilise 49%
mar. 02 déc. 2025 10:14:25 CET: ALERTE - /boot utilise 10%
mar. 02 déc. 2025 10:44:45 CET: ALERTE - / utilise 49%
mar. 02 déc. 2025 10:44:45 CET: ALERTE - /boot utilise 10%
mar. 02 déc. 2025 11:15:45 CET: ALERTE - / utilise 49%
mar. 02 déc. 2025 11:15:45 CET: ALERTE - /boot utilise 10%
mar. 02 déc. 2025 11:46:05 CET: ALERTE - / utilise 49%
mar. 02 déc. 2025 11:46:05 CET: ALERTE - /boot utilise 10%
mar. 02 déc. 2025 12:16:45 CET: ALERTE - / utilise 49%
mar. 02 déc. 2025 12:16:45 CET: ALERTE - /boot utilise 10%
mar. 02 déc. 2025 12:47:25 CET: ALERTE - / utilise 49%
mar. 02 déc. 2025 12:47:25 CET: ALERTE - /boot utilise 10%
mar. 02 déc. 2025 13:17:45 CET: ALERTE - / utilise 49%
mar. 02 déc. 2025 13:17:45 CET: ALERTE - /boot utilise 10%
mar. 02 déc. 2025 13:48:35 CET: ALERTE - / utilise 49%
mar. 02 déc. 2025 13:48:35 CET: ALERTE - /boot utilise 10%
mar. 02 déc. 2025 14:18:45 CET: ALERTE - / utilise 49%
mar. 02 déc. 2025 14:18:45 CET: ALERTE - /boot utilise 10%
mar. 02 déc. 2025 14:49:45 CET: ALERTE - / utilise 49%
mar. 02 déc. 2025 14:49:45 CET: ALERTE - /boot utilise 10%
mar. 02 déc. 2025 15:20:35 CET: ALERTE - / utilise 49%
mar. 02 déc. 2025 15:20:35 CET: ALERTE - /boot utilise 10%
mar. 02 déc. 2025 15:50:45 CET: ALERTE - / utilise 49%
mar. 02 déc. 2025 15:50:45 CET: ALERTE - /boot utilise 10%
mar. 02 déc. 2025 16:21:35 CET: ALERTE - / utilise 49%
mar. 02 déc. 2025 16:21:35 CET: ALERTE - /boot utilise 10%
mar. 02 déc. 2025 16:51:45 CET: ALERTE - / utilise 49%
mar. 02 déc. 2025 16:51:45 CET: ALERTE - /boot utilise 10%
mar. 02 déc. 2025 17:22:35 CET: ALERTE - / utilise 49%
mar. 02 déc. 2025 17:22:35 CET: ALERTE - /boot utilise 10%
mar. 02 déc. 2025 17:52:45 CET: ALERTE - / utilise 49%
mar. 02 déc. 2025 17:52:45 CET: ALERTE - /boot utilise 10%
mar. 02 déc. 2025 18:22:55 CET: ALERTE - / utilise 49%
mar. 02 déc. 2025 18:22:55 CET: ALERTE - /boot utilise 10%
mar. 02 déc. 2025 18:53:35 CET: ALERTE - / utilise 49%
mar. 02 déc. 2025 18:53:35 CET: ALERTE - /boot utilise 10%
mar. 02 déc. 2025 19:23:45 CET: ALERTE - / utilise 49%
mar. 02 déc. 2025 19:23:45 CET: ALERTE - /boot utilise 10%
mar. 02 déc. 2025 19:54:25 CET: ALERTE - / utilise 49%
mar. 02 déc. 2025 19:54:25 CET: ALERTE - /boot utilise 10%
mar. 02 déc. 2025 20:24:45 CET: ALERTE - / utilise 49%
mar. 02 déc. 2025 20:24:45 CET: ALERTE - /boot utilise 10%
mar. 02 déc. 2025 20:55:45 CET: ALERTE - / utilise 49%
mar. 02 déc. 2025 20:55:45 CET: ALERTE - /boot utilise 10%
mar. 02 déc. 2025 21:26:25 CET: ALERTE - / utilise 49%
mar. 02 déc. 2025 21:26:25 CET: ALERTE - /boot utilise 10%
mar. 02 déc. 2025 21:56:45 CET: ALERTE - / utilise 49%
mar. 02 déc. 2025 21:56:45 CET: ALERTE - /boot utilise 10%
mar. 02 déc. 2025 22:27:45 CET: ALERTE - / utilise 49%
mar. 02 déc. 2025 22:27:45 CET: ALERTE - /boot utilise 10%
mar. 02 déc. 2025 22:58:25 CET: ALERTE - / utilise 49%
mar. 02 déc. 2025 22:58:25 CET: ALERTE - /boot utilise 10%
mar. 02 déc. 2025 23:28:45 CET: ALERTE - / utilise 49%
mar. 02 déc. 2025 23:28:45 CET: ALERTE - /boot utilise 10%
mar. 02 déc. 2025 23:59:35 CET: ALERTE - / utilise 49%
mar. 02 déc. 2025 23:59:35 CET: ALERTE - /boot utilise 10%
mer. 03 déc. 2025 00:29:45 CET: ALERTE - / utilise 49%
mer. 03 déc. 2025 00:29:45 CET: ALERTE - /boot utilise 10%
mer. 03 déc. 2025 01:00:35 CET: ALERTE - / utilise 49%
mer. 03 déc. 2025 01:00:35 CET: ALERTE - /boot utilise 10%
mer. 03 déc. 2025 01:30:45 CET: ALERTE - / utilise 49%
mer. 03 déc. 2025 01:30:45 CET: ALERTE - /boot utilise 10%
mer. 03 déc. 2025 02:01:45 CET: ALERTE - / utilise 48%
mer. 03 déc. 2025 02:01:45 CET: ALERTE - /boot utilise 10%
mer. 03 déc. 2025 02:32:25 CET: ALERTE - / utilise 48%
mer. 03 déc. 2025 02:32:25 CET: ALERTE - /boot utilise 10%
mer. 03 déc. 2025 03:02:45 CET: ALERTE - / utilise 48%
mer. 03 déc. 2025 03:02:45 CET: ALERTE - /boot utilise 10%
mer. 03 déc. 2025 03:33:45 CET: ALERTE - / utilise 48%
mer. 03 déc. 2025 03:33:45 CET: ALERTE - /boot utilise 10%
mer. 03 déc. 2025 04:04:05 CET: ALERTE - / utilise 49%
mer. 03 déc. 2025 04:04:05 CET: ALERTE - /boot utilise 10%
mer. 03 déc. 2025 04:34:45 CET: ALERTE - / utilise 49%
mer. 03 déc. 2025 04:34:45 CET: ALERTE - /boot utilise 10%
mer. 03 déc. 2025 05:05:45 CET: ALERTE - / utilise 49%
mer. 03 déc. 2025 05:05:45 CET: ALERTE - /boot utilise 10%
mer. 03 déc. 2025 05:36:15 CET: ALERTE - / utilise 49%
mer. 03 déc. 2025 05:36:15 CET: ALERTE - /boot utilise 10%
mer. 03 déc. 2025 06:06:45 CET: ALERTE - / utilise 49%
mer. 03 déc. 2025 06:06:45 CET: ALERTE - /boot utilise 10%
mer. 03 déc. 2025 06:37:35 CET: ALERTE - / utilise 49%
mer. 03 déc. 2025 06:37:35 CET: ALERTE - /boot utilise 10%
mer. 03 déc. 2025 07:07:45 CET: ALERTE - / utilise 49%
mer. 03 déc. 2025 07:07:45 CET: ALERTE - /boot utilise 10%
mer. 03 déc. 2025 07:38:35 CET: ALERTE - / utilise 49%
mer. 03 déc. 2025 07:38:35 CET: ALERTE - /boot utilise 10%
mer. 03 déc. 2025 08:08:45 CET: ALERTE - / utilise 49%
mer. 03 déc. 2025 08:08:45 CET: ALERTE - /boot utilise 10%
mer. 03 déc. 2025 08:39:45 CET: ALERTE - / utilise 49%
mer. 03 déc. 2025 08:39:45 CET: ALERTE - /boot utilise 10%
mer. 03 déc. 2025 09:10:25 CET: ALERTE - / utilise 49%
mer. 03 déc. 2025 09:10:25 CET: ALERTE - /boot utilise 10%
mer. 03 déc. 2025 09:40:35 CET: ALERTE - / utilise 49%
mer. 03 déc. 2025 09:40:35 CET: ALERTE - /boot utilise 10%
mer. 03 déc. 2025 10:10:35 CET: ALERTE - / utilise 49%
mer. 03 déc. 2025 10:10:35 CET: ALERTE - /boot utilise 10%
mer. 03 déc. 2025 10:40:45 CET: ALERTE - / utilise 49%
mer. 03 déc. 2025 10:40:45 CET: ALERTE - /boot utilise 10%
mer. 03 déc. 2025 11:11:45 CET: ALERTE - / utilise 49%
mer. 03 déc. 2025 11:11:45 CET: ALERTE - /boot utilise 10%
mer. 03 déc. 2025 11:42:15 CET: ALERTE - / utilise 49%
mer. 03 déc. 2025 11:42:15 CET: ALERTE - /boot utilise 10%
mer. 03 déc. 2025 12:12:45 CET: ALERTE - / utilise 49%
mer. 03 déc. 2025 12:12:45 CET: ALERTE - /boot utilise 10%
mer. 03 déc. 2025 12:43:25 CET: ALERTE - / utilise 49%
mer. 03 déc. 2025 12:43:25 CET: ALERTE - /boot utilise 10%
mer. 03 déc. 2025 13:13:45 CET: ALERTE - / utilise 49%
mer. 03 déc. 2025 13:13:45 CET: ALERTE - /boot utilise 10%
mer. 03 déc. 2025 13:44:45 CET: ALERTE - / utilise 49%
mer. 03 déc. 2025 13:44:45 CET: ALERTE - /boot utilise 10%
mer. 03 déc. 2025 14:15:25 CET: ALERTE - / utilise 49%
mer. 03 déc. 2025 14:15:25 CET: ALERTE - /boot utilise 10%
mer. 03 déc. 2025 14:45:45 CET: ALERTE - / utilise 49%
mer. 03 déc. 2025 14:45:45 CET: ALERTE - /boot utilise 10%
mer. 03 déc. 2025 15:16:35 CET: ALERTE - / utilise 49%
mer. 03 déc. 2025 15:16:35 CET: ALERTE - /boot utilise 10%
mer. 03 déc. 2025 15:46:45 CET: ALERTE - / utilise 49%
mer. 03 déc. 2025 15:46:45 CET: ALERTE - /boot utilise 10%
mer. 03 déc. 2025 16:17:45 CET: ALERTE - / utilise 49%
mer. 03 déc. 2025 16:17:45 CET: ALERTE - /boot utilise 10%
mer. 03 déc. 2025 16:48:15 CET: ALERTE - / utilise 49%
mer. 03 déc. 2025 16:48:15 CET: ALERTE - /boot utilise 10%
mer. 03 déc. 2025 17:18:35 CET: ALERTE - / utilise 49%
mer. 03 déc. 2025 17:18:35 CET: ALERTE - /boot utilise 10%
mer. 03 déc. 2025 17:48:45 CET: ALERTE - / utilise 49%
mer. 03 déc. 2025 17:48:45 CET: ALERTE - /boot utilise 10%
mer. 03 déc. 2025 18:19:05 CET: ALERTE - / utilise 49%
mer. 03 déc. 2025 18:19:05 CET: ALERTE - /boot utilise 10%
mer. 03 déc. 2025 18:49:35 CET: ALERTE - / utilise 49%
mer. 03 déc. 2025 18:49:35 CET: ALERTE - /boot utilise 10%
mer. 03 déc. 2025 19:19:45 CET: ALERTE - / utilise 49%
mer. 03 déc. 2025 19:19:45 CET: ALERTE - /boot utilise 10%
mer. 03 déc. 2025 19:50:35 CET: ALERTE - / utilise 49%
mer. 03 déc. 2025 19:50:35 CET: ALERTE - /boot utilise 10%
mer. 03 déc. 2025 20:20:45 CET: ALERTE - / utilise 49%
mer. 03 déc. 2025 20:20:45 CET: ALERTE - /boot utilise 10%
mer. 03 déc. 2025 20:51:05 CET: ALERTE - / utilise 49%
mer. 03 déc. 2025 20:51:05 CET: ALERTE - /boot utilise 10%
mer. 03 déc. 2025 21:21:25 CET: ALERTE - / utilise 49%
mer. 03 déc. 2025 21:21:25 CET: ALERTE - /boot utilise 10%
mer. 03 déc. 2025 21:51:45 CET: ALERTE - / utilise 49%
mer. 03 déc. 2025 21:51:45 CET: ALERTE - /boot utilise 10%
mer. 03 déc. 2025 22:22:25 CET: ALERTE - / utilise 49%
mer. 03 déc. 2025 22:22:25 CET: ALERTE - /boot utilise 10%
mer. 03 déc. 2025 22:52:45 CET: ALERTE - / utilise 49%
mer. 03 déc. 2025 22:52:45 CET: ALERTE - /boot utilise 10%
mer. 03 déc. 2025 23:23:45 CET: ALERTE - / utilise 49%
mer. 03 déc. 2025 23:23:45 CET: ALERTE - /boot utilise 10%
mer. 03 déc. 2025 23:54:35 CET: ALERTE - / utilise 49%
mer. 03 déc. 2025 23:54:35 CET: ALERTE - /boot utilise 10%
jeu. 04 déc. 2025 00:24:45 CET: ALERTE - / utilise 49%
jeu. 04 déc. 2025 00:24:45 CET: ALERTE - /boot utilise 10%
jeu. 04 déc. 2025 00:55:45 CET: ALERTE - / utilise 49%
jeu. 04 déc. 2025 00:55:45 CET: ALERTE - /boot utilise 10%
jeu. 04 déc. 2025 01:26:05 CET: ALERTE - / utilise 49%
jeu. 04 déc. 2025 01:26:05 CET: ALERTE - /boot utilise 10%
jeu. 04 déc. 2025 01:56:45 CET: ALERTE - / utilise 49%
jeu. 04 déc. 2025 01:56:45 CET: ALERTE - /boot utilise 10%
jeu. 04 déc. 2025 02:27:25 CET: ALERTE - / utilise 48%
jeu. 04 déc. 2025 02:27:25 CET: ALERTE - /boot utilise 10%
jeu. 04 déc. 2025 02:57:45 CET: ALERTE - / utilise 48%
jeu. 04 déc. 2025 02:57:45 CET: ALERTE - /boot utilise 10%
jeu. 04 déc. 2025 03:28:45 CET: ALERTE - / utilise 49%
jeu. 04 déc. 2025 03:28:45 CET: ALERTE - /boot utilise 10%
jeu. 04 déc. 2025 03:59:25 CET: ALERTE - / utilise 49%
jeu. 04 déc. 2025 03:59:25 CET: ALERTE - /boot utilise 10%
jeu. 04 déc. 2025 04:29:45 CET: ALERTE - / utilise 49%
jeu. 04 déc. 2025 04:29:45 CET: ALERTE - /boot utilise 10%
jeu. 04 déc. 2025 05:00:35 CET: ALERTE - / utilise 49%
jeu. 04 déc. 2025 05:00:35 CET: ALERTE - /boot utilise 10%
jeu. 04 déc. 2025 05:30:45 CET: ALERTE - / utilise 49%
jeu. 04 déc. 2025 05:30:45 CET: ALERTE - /boot utilise 10%
jeu. 04 déc. 2025 06:01:45 CET: ALERTE - / utilise 49%
jeu. 04 déc. 2025 06:01:45 CET: ALERTE - /boot utilise 10%
jeu. 04 déc. 2025 06:32:35 CET: ALERTE - / utilise 49%
jeu. 04 déc. 2025 06:32:35 CET: ALERTE - /boot utilise 10%
jeu. 04 déc. 2025 07:02:45 CET: ALERTE - / utilise 49%
jeu. 04 déc. 2025 07:02:45 CET: ALERTE - /boot utilise 10%
jeu. 04 déc. 2025 07:33:35 CET: ALERTE - / utilise 49%
jeu. 04 déc. 2025 07:33:35 CET: ALERTE - /boot utilise 10%
jeu. 04 déc. 2025 08:03:45 CET: ALERTE - / utilise 49%
jeu. 04 déc. 2025 08:03:45 CET: ALERTE - /boot utilise 10%
jeu. 04 déc. 2025 08:34:25 CET: ALERTE - / utilise 49%
jeu. 04 déc. 2025 08:34:25 CET: ALERTE - /boot utilise 10%
jeu. 04 déc. 2025 09:04:45 CET: ALERTE - / utilise 49%
jeu. 04 déc. 2025 09:04:45 CET: ALERTE - /boot utilise 10%
jeu. 04 déc. 2025 09:34:55 CET: ALERTE - / utilise 49%
jeu. 04 déc. 2025 09:34:55 CET: ALERTE - /boot utilise 10%
jeu. 04 déc. 2025 10:05:15 CET: ALERTE - / utilise 49%
jeu. 04 déc. 2025 10:05:15 CET: ALERTE - /boot utilise 10%
jeu. 04 déc. 2025 10:35:45 CET: ALERTE - / utilise 49%
jeu. 04 déc. 2025 10:35:45 CET: ALERTE - /boot utilise 10%
jeu. 04 déc. 2025 11:06:45 CET: ALERTE - / utilise 49%
jeu. 04 déc. 2025 11:06:45 CET: ALERTE - /boot utilise 10%
jeu. 04 déc. 2025 11:37:25 CET: ALERTE - / utilise 49%
jeu. 04 déc. 2025 11:37:25 CET: ALERTE - /boot utilise 10%
jeu. 04 déc. 2025 12:07:45 CET: ALERTE - / utilise 49%
jeu. 04 déc. 2025 12:07:45 CET: ALERTE - /boot utilise 10%
jeu. 04 déc. 2025 12:38:25 CET: ALERTE - / utilise 49%
jeu. 04 déc. 2025 12:38:25 CET: ALERTE - /boot utilise 10%
jeu. 04 déc. 2025 13:08:45 CET: ALERTE - / utilise 49%
jeu. 04 déc. 2025 13:08:45 CET: ALERTE - /boot utilise 10%
jeu. 04 déc. 2025 13:39:45 CET: ALERTE - / utilise 49%
jeu. 04 déc. 2025 13:39:45 CET: ALERTE - /boot utilise 10%
jeu. 04 déc. 2025 14:10:15 CET: ALERTE - / utilise 49%
jeu. 04 déc. 2025 14:10:15 CET: ALERTE - /boot utilise 10%
jeu. 04 déc. 2025 14:40:35 CET: ALERTE - / utilise 49%
jeu. 04 déc. 2025 14:40:35 CET: ALERTE - /boot utilise 10%
jeu. 04 déc. 2025 15:10:45 CET: ALERTE - / utilise 49%
jeu. 04 déc. 2025 15:10:45 CET: ALERTE - /boot utilise 10%
jeu. 04 déc. 2025 15:41:05 CET: ALERTE - / utilise 49%
jeu. 04 déc. 2025 15:41:05 CET: ALERTE - /boot utilise 10%
jeu. 04 déc. 2025 16:11:45 CET: ALERTE - / utilise 49%
jeu. 04 déc. 2025 16:11:45 CET: ALERTE - /boot utilise 10%
jeu. 04 déc. 2025 16:42:05 CET: ALERTE - / utilise 49%
jeu. 04 déc. 2025 16:42:05 CET: ALERTE - /boot utilise 10%
jeu. 04 déc. 2025 17:12:35 CET: ALERTE - / utilise 49%
jeu. 04 déc. 2025 17:12:35 CET: ALERTE - /boot utilise 10%
jeu. 04 déc. 2025 17:42:45 CET: ALERTE - / utilise 49%
jeu. 04 déc. 2025 17:42:45 CET: ALERTE - /boot utilise 10%
jeu. 04 déc. 2025 18:13:45 CET: ALERTE - / utilise 49%
jeu. 04 déc. 2025 18:13:45 CET: ALERTE - /boot utilise 10%
jeu. 04 déc. 2025 18:44:35 CET: ALERTE - / utilise 49%
jeu. 04 déc. 2025 18:44:35 CET: ALERTE - /boot utilise 10%
jeu. 04 déc. 2025 19:14:45 CET: ALERTE - / utilise 49%
jeu. 04 déc. 2025 19:14:45 CET: ALERTE - /boot utilise 10%
jeu. 04 déc. 2025 19:45:45 CET: ALERTE - / utilise 49%
jeu. 04 déc. 2025 19:45:45 CET: ALERTE - /boot utilise 10%
jeu. 04 déc. 2025 20:16:35 CET: ALERTE - / utilise 49%
jeu. 04 déc. 2025 20:16:35 CET: ALERTE - /boot utilise 10%
jeu. 04 déc. 2025 20:46:45 CET: ALERTE - / utilise 49%
jeu. 04 déc. 2025 20:46:45 CET: ALERTE - /boot utilise 10%
jeu. 04 déc. 2025 21:17:45 CET: ALERTE - / utilise 49%
jeu. 04 déc. 2025 21:17:45 CET: ALERTE - /boot utilise 10%
jeu. 04 déc. 2025 21:48:05 CET: ALERTE - / utilise 49%
jeu. 04 déc. 2025 21:48:05 CET: ALERTE - /boot utilise 10%
jeu. 04 déc. 2025 22:18:45 CET: ALERTE - / utilise 49%
jeu. 04 déc. 2025 22:18:45 CET: ALERTE - /boot utilise 10%
jeu. 04 déc. 2025 22:49:25 CET: ALERTE - / utilise 49%
jeu. 04 déc. 2025 22:49:25 CET: ALERTE - /boot utilise 10%
jeu. 04 déc. 2025 23:19:45 CET: ALERTE - / utilise 49%
jeu. 04 déc. 2025 23:19:45 CET: ALERTE - /boot utilise 10%
jeu. 04 déc. 2025 23:50:35 CET: ALERTE - / utilise 49%
jeu. 04 déc. 2025 23:50:35 CET: ALERTE - /boot utilise 10%
ven. 05 déc. 2025 00:20:45 CET: ALERTE - / utilise 49%
ven. 05 déc. 2025 00:20:45 CET: ALERTE - /boot utilise 10%
ven. 05 déc. 2025 00:51:45 CET: ALERTE - / utilise 49%
ven. 05 déc. 2025 00:51:45 CET: ALERTE - /boot utilise 10%
ven. 05 déc. 2025 01:22:25 CET: ALERTE - / utilise 49%
ven. 05 déc. 2025 01:22:25 CET: ALERTE - /boot utilise 10%
ven. 05 déc. 2025 01:52:45 CET: ALERTE - / utilise 49%
ven. 05 déc. 2025 01:52:45 CET: ALERTE - /boot utilise 10%
ven. 05 déc. 2025 02:23:35 CET: ALERTE - / utilise 48%
ven. 05 déc. 2025 02:23:35 CET: ALERTE - /boot utilise 10%
ven. 05 déc. 2025 02:53:45 CET: ALERTE - / utilise 48%
ven. 05 déc. 2025 02:53:45 CET: ALERTE - /boot utilise 10%
ven. 05 déc. 2025 03:24:45 CET: ALERTE - / utilise 49%
ven. 05 déc. 2025 03:24:45 CET: ALERTE - /boot utilise 10%
ven. 05 déc. 2025 03:55:25 CET: ALERTE - / utilise 49%
ven. 05 déc. 2025 03:55:25 CET: ALERTE - /boot utilise 10%
ven. 05 déc. 2025 04:25:45 CET: ALERTE - / utilise 49%
ven. 05 déc. 2025 04:25:45 CET: ALERTE - /boot utilise 10%
ven. 05 déc. 2025 04:56:45 CET: ALERTE - / utilise 49%
ven. 05 déc. 2025 04:56:45 CET: ALERTE - /boot utilise 10%
ven. 05 déc. 2025 05:27:25 CET: ALERTE - / utilise 49%
ven. 05 déc. 2025 05:27:25 CET: ALERTE - /boot utilise 10%
ven. 05 déc. 2025 05:57:45 CET: ALERTE - / utilise 49%
ven. 05 déc. 2025 05:57:45 CET: ALERTE - /boot utilise 10%
ven. 05 déc. 2025 06:28:35 CET: ALERTE - / utilise 49%
ven. 05 déc. 2025 06:28:35 CET: ALERTE - /boot utilise 10%
ven. 05 déc. 2025 06:58:45 CET: ALERTE - / utilise 49%
ven. 05 déc. 2025 06:58:45 CET: ALERTE - /boot utilise 10%
ven. 05 déc. 2025 07:29:35 CET: ALERTE - / utilise 49%
ven. 05 déc. 2025 07:29:35 CET: ALERTE - /boot utilise 10%
ven. 05 déc. 2025 07:59:45 CET: ALERTE - / utilise 49%
ven. 05 déc. 2025 07:59:45 CET: ALERTE - /boot utilise 10%
ven. 05 déc. 2025 08:30:35 CET: ALERTE - / utilise 49%
ven. 05 déc. 2025 08:30:35 CET: ALERTE - /boot utilise 10%
ven. 05 déc. 2025 09:00:45 CET: ALERTE - / utilise 49%
ven. 05 déc. 2025 09:00:45 CET: ALERTE - /boot utilise 10%
ven. 05 déc. 2025 09:31:05 CET: ALERTE - / utilise 49%
ven. 05 déc. 2025 09:31:05 CET: ALERTE - /boot utilise 10%
ven. 05 déc. 2025 10:01:30 CET: ALERTE - / utilise 49%
ven. 05 déc. 2025 10:01:30 CET: ALERTE - /boot utilise 10%
ven. 05 déc. 2025 10:31:45 CET: ALERTE - / utilise 49%
ven. 05 déc. 2025 10:31:45 CET: ALERTE - /boot utilise 10%
ven. 05 déc. 2025 11:02:37 CET: ALERTE - / utilise 49%
ven. 05 déc. 2025 11:02:37 CET: ALERTE - /boot utilise 10%
ven. 05 déc. 2025 11:32:45 CET: ALERTE - / utilise 49%
ven. 05 déc. 2025 11:32:45 CET: ALERTE - /boot utilise 10%
ven. 05 déc. 2025 12:03:45 CET: ALERTE - / utilise 49%
ven. 05 déc. 2025 12:03:45 CET: ALERTE - /boot utilise 10%
ven. 05 déc. 2025 12:33:45 CET: ALERTE - / utilise 49%
ven. 05 déc. 2025 12:33:45 CET: ALERTE - /boot utilise 10%
ven. 05 déc. 2025 13:03:55 CET: ALERTE - / utilise 49%
ven. 05 déc. 2025 13:03:55 CET: ALERTE - /boot utilise 10%
ven. 05 déc. 2025 13:34:35 CET: ALERTE - / utilise 49%
ven. 05 déc. 2025 13:34:35 CET: ALERTE - /boot utilise 10%
ven. 05 déc. 2025 14:04:45 CET: ALERTE - / utilise 49%
ven. 05 déc. 2025 14:04:45 CET: ALERTE - /boot utilise 10%
ven. 05 déc. 2025 14:35:45 CET: ALERTE - / utilise 49%
ven. 05 déc. 2025 14:35:45 CET: ALERTE - /boot utilise 10%
ven. 05 déc. 2025 15:06:35 CET: ALERTE - / utilise 49%
ven. 05 déc. 2025 15:06:35 CET: ALERTE - /boot utilise 10%
ven. 05 déc. 2025 15:36:45 CET: ALERTE - / utilise 49%
ven. 05 déc. 2025 15:36:45 CET: ALERTE - /boot utilise 10%
ven. 05 déc. 2025 16:07:35 CET: ALERTE - / utilise 49%
ven. 05 déc. 2025 16:07:35 CET: ALERTE - /boot utilise 10%
ven. 05 déc. 2025 16:37:45 CET: ALERTE - / utilise 49%
ven. 05 déc. 2025 16:37:45 CET: ALERTE - /boot utilise 10%
ven. 05 déc. 2025 17:08:45 CET: ALERTE - / utilise 49%
ven. 05 déc. 2025 17:08:45 CET: ALERTE - /boot utilise 10%
ven. 05 déc. 2025 17:39:05 CET: ALERTE - / utilise 49%
ven. 05 déc. 2025 17:39:05 CET: ALERTE - /boot utilise 10%
ven. 05 déc. 2025 18:09:45 CET: ALERTE - / utilise 49%
ven. 05 déc. 2025 18:09:45 CET: ALERTE - /boot utilise 10%
ven. 05 déc. 2025 18:40:35 CET: ALERTE - / utilise 49%
ven. 05 déc. 2025 18:40:35 CET: ALERTE - /boot utilise 10%
ven. 05 déc. 2025 19:10:45 CET: ALERTE - / utilise 49%
ven. 05 déc. 2025 19:10:45 CET: ALERTE - /boot utilise 10%
ven. 05 déc. 2025 19:41:45 CET: ALERTE - / utilise 49%
ven. 05 déc. 2025 19:41:45 CET: ALERTE - /boot utilise 10%
ven. 05 déc. 2025 20:12:25 CET: ALERTE - / utilise 49%
ven. 05 déc. 2025 20:12:25 CET: ALERTE - /boot utilise 10%
ven. 05 déc. 2025 20:42:45 CET: ALERTE - / utilise 49%
ven. 05 déc. 2025 20:42:45 CET: ALERTE - /boot utilise 10%
ven. 05 déc. 2025 21:13:45 CET: ALERTE - / utilise 49%
ven. 05 déc. 2025 21:13:45 CET: ALERTE - /boot utilise 10%
ven. 05 déc. 2025 21:44:15 CET: ALERTE - / utilise 49%
ven. 05 déc. 2025 21:44:15 CET: ALERTE - /boot utilise 10%
ven. 05 déc. 2025 22:14:35 CET: ALERTE - / utilise 49%
ven. 05 déc. 2025 22:14:35 CET: ALERTE - /boot utilise 10%
ven. 05 déc. 2025 22:44:45 CET: ALERTE - / utilise 49%
ven. 05 déc. 2025 22:44:45 CET: ALERTE - /boot utilise 10%
ven. 05 déc. 2025 23:14:55 CET: ALERTE - / utilise 49%
ven. 05 déc. 2025 23:14:55 CET: ALERTE - /boot utilise 10%
ven. 05 déc. 2025 23:45:35 CET: ALERTE - / utilise 49%
ven. 05 déc. 2025 23:45:35 CET: ALERTE - /boot utilise 10%
sam. 06 déc. 2025 00:15:45 CET: ALERTE - / utilise 49%
sam. 06 déc. 2025 00:15:45 CET: ALERTE - /boot utilise 10%
sam. 06 déc. 2025 00:46:45 CET: ALERTE - / utilise 49%
sam. 06 déc. 2025 00:46:45 CET: ALERTE - /boot utilise 10%
sam. 06 déc. 2025 01:17:35 CET: ALERTE - / utilise 49%
sam. 06 déc. 2025 01:17:35 CET: ALERTE - /boot utilise 10%
sam. 06 déc. 2025 01:47:45 CET: ALERTE - / utilise 49%
sam. 06 déc. 2025 01:47:45 CET: ALERTE - /boot utilise 10%
sam. 06 déc. 2025 02:18:45 CET: ALERTE - / utilise 49%
sam. 06 déc. 2025 02:18:45 CET: ALERTE - /boot utilise 10%
sam. 06 déc. 2025 02:49:05 CET: ALERTE - / utilise 49%
sam. 06 déc. 2025 02:49:05 CET: ALERTE - /boot utilise 10%
sam. 06 déc. 2025 03:19:45 CET: ALERTE - / utilise 49%
sam. 06 déc. 2025 03:19:45 CET: ALERTE - /boot utilise 10%
sam. 06 déc. 2025 03:50:08 CET: ALERTE - / utilise 49%
sam. 06 déc. 2025 03:50:08 CET: ALERTE - /boot utilise 10%
sam. 06 déc. 2025 04:20:35 CET: ALERTE - / utilise 49%
sam. 06 déc. 2025 04:20:35 CET: ALERTE - /boot utilise 10%
sam. 06 déc. 2025 04:50:35 CET: ALERTE - / utilise 49%
sam. 06 déc. 2025 04:50:35 CET: ALERTE - /boot utilise 10%
sam. 06 déc. 2025 05:20:35 CET: ALERTE - / utilise 49%
sam. 06 déc. 2025 05:20:35 CET: ALERTE - /boot utilise 10%
sam. 06 déc. 2025 05:50:35 CET: ALERTE - / utilise 49%
sam. 06 déc. 2025 05:50:35 CET: ALERTE - /boot utilise 10%
sam. 06 déc. 2025 06:20:45 CET: ALERTE - / utilise 49%
sam. 06 déc. 2025 06:20:45 CET: ALERTE - /boot utilise 10%
sam. 06 déc. 2025 06:51:45 CET: ALERTE - / utilise 49%
sam. 06 déc. 2025 06:51:45 CET: ALERTE - /boot utilise 10%
sam. 06 déc. 2025 07:22:15 CET: ALERTE - / utilise 49%
sam. 06 déc. 2025 07:22:15 CET: ALERTE - /boot utilise 10%
sam. 06 déc. 2025 07:52:45 CET: ALERTE - / utilise 49%
sam. 06 déc. 2025 07:52:45 CET: ALERTE - /boot utilise 10%
sam. 06 déc. 2025 08:23:35 CET: ALERTE - / utilise 49%
sam. 06 déc. 2025 08:23:35 CET: ALERTE - /boot utilise 10%
sam. 06 déc. 2025 08:53:45 CET: ALERTE - / utilise 49%
sam. 06 déc. 2025 08:53:45 CET: ALERTE - /boot utilise 10%
sam. 06 déc. 2025 09:24:45 CET: ALERTE - / utilise 49%
sam. 06 déc. 2025 09:24:45 CET: ALERTE - /boot utilise 10%
sam. 06 déc. 2025 09:55:25 CET: ALERTE - / utilise 49%
sam. 06 déc. 2025 09:55:25 CET: ALERTE - /boot utilise 10%
sam. 06 déc. 2025 10:25:45 CET: ALERTE - / utilise 49%
sam. 06 déc. 2025 10:25:45 CET: ALERTE - /boot utilise 10%
sam. 06 déc. 2025 10:56:45 CET: ALERTE - / utilise 49%
sam. 06 déc. 2025 10:56:45 CET: ALERTE - /boot utilise 10%
sam. 06 déc. 2025 11:27:15 CET: ALERTE - / utilise 49%
sam. 06 déc. 2025 11:27:15 CET: ALERTE - /boot utilise 10%
sam. 06 déc. 2025 11:57:35 CET: ALERTE - / utilise 49%
sam. 06 déc. 2025 11:57:35 CET: ALERTE - /boot utilise 10%
sam. 06 déc. 2025 12:27:45 CET: ALERTE - / utilise 49%
sam. 06 déc. 2025 12:27:45 CET: ALERTE - /boot utilise 10%
sam. 06 déc. 2025 12:58:45 CET: ALERTE - / utilise 49%
sam. 06 déc. 2025 12:58:45 CET: ALERTE - /boot utilise 10%
sam. 06 déc. 2025 13:29:35 CET: ALERTE - / utilise 49%
sam. 06 déc. 2025 13:29:35 CET: ALERTE - /boot utilise 10%
sam. 06 déc. 2025 13:59:45 CET: ALERTE - / utilise 49%
sam. 06 déc. 2025 13:59:45 CET: ALERTE - /boot utilise 10%
sam. 06 déc. 2025 14:30:35 CET: ALERTE - / utilise 49%
sam. 06 déc. 2025 14:30:35 CET: ALERTE - /boot utilise 10%
sam. 06 déc. 2025 15:00:45 CET: ALERTE - / utilise 49%
sam. 06 déc. 2025 15:00:45 CET: ALERTE - /boot utilise 10%
sam. 06 déc. 2025 15:30:55 CET: ALERTE - / utilise 49%
sam. 06 déc. 2025 15:30:55 CET: ALERTE - /boot utilise 10%
sam. 06 déc. 2025 16:01:35 CET: ALERTE - / utilise 50%
sam. 06 déc. 2025 16:01:35 CET: ALERTE - /boot utilise 10%
sam. 06 déc. 2025 16:31:45 CET: ALERTE - / utilise 50%
sam. 06 déc. 2025 16:31:45 CET: ALERTE - /boot utilise 10%
sam. 06 déc. 2025 17:02:15 CET: ALERTE - / utilise 50%
sam. 06 déc. 2025 17:02:15 CET: ALERTE - /boot utilise 10%
sam. 06 déc. 2025 17:32:25 CET: ALERTE - / utilise 50%
sam. 06 déc. 2025 17:32:25 CET: ALERTE - /boot utilise 10%
sam. 06 déc. 2025 18:02:35 CET: ALERTE - / utilise 50%
sam. 06 déc. 2025 18:02:35 CET: ALERTE - /boot utilise 10%
sam. 06 déc. 2025 18:32:45 CET: ALERTE - / utilise 50%
sam. 06 déc. 2025 18:32:45 CET: ALERTE - /boot utilise 10%
sam. 06 déc. 2025 19:03:45 CET: ALERTE - / utilise 50%
sam. 06 déc. 2025 19:03:45 CET: ALERTE - /boot utilise 10%
sam. 06 déc. 2025 19:34:15 CET: ALERTE - / utilise 50%
sam. 06 déc. 2025 19:34:15 CET: ALERTE - /boot utilise 10%
sam. 06 déc. 2025 20:04:45 CET: ALERTE - / utilise 50%
sam. 06 déc. 2025 20:04:45 CET: ALERTE - /boot utilise 10%
sam. 06 déc. 2025 20:35:45 CET: ALERTE - / utilise 50%
sam. 06 déc. 2025 20:35:45 CET: ALERTE - /boot utilise 10%
sam. 06 déc. 2025 21:06:25 CET: ALERTE - / utilise 50%
sam. 06 déc. 2025 21:06:25 CET: ALERTE - /boot utilise 10%
sam. 06 déc. 2025 21:36:45 CET: ALERTE - / utilise 50%
sam. 06 déc. 2025 21:36:45 CET: ALERTE - /boot utilise 10%
sam. 06 déc. 2025 22:07:25 CET: ALERTE - / utilise 50%
sam. 06 déc. 2025 22:07:25 CET: ALERTE - /boot utilise 10%
sam. 06 déc. 2025 22:37:45 CET: ALERTE - / utilise 50%
sam. 06 déc. 2025 22:37:45 CET: ALERTE - /boot utilise 10%
sam. 06 déc. 2025 23:08:09 CET: ALERTE - / utilise 50%
sam. 06 déc. 2025 23:08:09 CET: ALERTE - /boot utilise 10%
sam. 06 déc. 2025 23:38:15 CET: ALERTE - / utilise 50%
sam. 06 déc. 2025 23:38:15 CET: ALERTE - /boot utilise 10%
dim. 07 déc. 2025 00:08:45 CET: ALERTE - / utilise 50%
dim. 07 déc. 2025 00:08:45 CET: ALERTE - /boot utilise 10%
dim. 07 déc. 2025 00:39:25 CET: ALERTE - / utilise 50%
dim. 07 déc. 2025 00:39:25 CET: ALERTE - /boot utilise 10%
dim. 07 déc. 2025 01:09:45 CET: ALERTE - / utilise 50%
dim. 07 déc. 2025 01:09:45 CET: ALERTE - /boot utilise 10%
dim. 07 déc. 2025 01:40:35 CET: ALERTE - / utilise 50%
dim. 07 déc. 2025 01:40:35 CET: ALERTE - /boot utilise 10%
dim. 07 déc. 2025 02:10:35 CET: ALERTE - / utilise 48%
dim. 07 déc. 2025 02:10:35 CET: ALERTE - /boot utilise 10%
dim. 07 déc. 2025 02:40:35 CET: ALERTE - / utilise 48%
dim. 07 déc. 2025 02:40:35 CET: ALERTE - /boot utilise 10%
dim. 07 déc. 2025 03:10:45 CET: ALERTE - / utilise 49%
dim. 07 déc. 2025 03:10:45 CET: ALERTE - /boot utilise 10%
dim. 07 déc. 2025 03:41:45 CET: ALERTE - / utilise 49%
dim. 07 déc. 2025 03:41:45 CET: ALERTE - /boot utilise 10%
dim. 07 déc. 2025 04:12:25 CET: ALERTE - / utilise 49%
dim. 07 déc. 2025 04:12:25 CET: ALERTE - /boot utilise 10%
dim. 07 déc. 2025 04:42:45 CET: ALERTE - / utilise 49%
dim. 07 déc. 2025 04:42:45 CET: ALERTE - /boot utilise 10%
dim. 07 déc. 2025 05:13:45 CET: ALERTE - / utilise 49%
dim. 07 déc. 2025 05:13:45 CET: ALERTE - /boot utilise 10%
dim. 07 déc. 2025 05:44:25 CET: ALERTE - / utilise 49%
dim. 07 déc. 2025 05:44:25 CET: ALERTE - /boot utilise 10%
dim. 07 déc. 2025 06:14:45 CET: ALERTE - / utilise 49%
dim. 07 déc. 2025 06:14:45 CET: ALERTE - /boot utilise 10%
dim. 07 déc. 2025 06:45:45 CET: ALERTE - / utilise 49%
dim. 07 déc. 2025 06:45:45 CET: ALERTE - /boot utilise 10%
dim. 07 déc. 2025 07:16:05 CET: ALERTE - / utilise 49%
dim. 07 déc. 2025 07:16:05 CET: ALERTE - /boot utilise 10%
dim. 07 déc. 2025 07:46:35 CET: ALERTE - / utilise 49%
dim. 07 déc. 2025 07:46:35 CET: ALERTE - /boot utilise 10%
dim. 07 déc. 2025 08:16:45 CET: ALERTE - / utilise 49%
dim. 07 déc. 2025 08:16:45 CET: ALERTE - /boot utilise 10%
dim. 07 déc. 2025 08:47:45 CET: ALERTE - / utilise 49%
dim. 07 déc. 2025 08:47:45 CET: ALERTE - /boot utilise 10%
dim. 07 déc. 2025 09:18:35 CET: ALERTE - / utilise 49%
dim. 07 déc. 2025 09:18:35 CET: ALERTE - /boot utilise 10%
dim. 07 déc. 2025 09:48:45 CET: ALERTE - / utilise 49%
dim. 07 déc. 2025 09:48:45 CET: ALERTE - /boot utilise 10%
dim. 07 déc. 2025 10:19:45 CET: ALERTE - / utilise 49%
dim. 07 déc. 2025 10:19:45 CET: ALERTE - /boot utilise 10%
dim. 07 déc. 2025 10:50:25 CET: ALERTE - / utilise 49%
dim. 07 déc. 2025 10:50:25 CET: ALERTE - /boot utilise 10%
dim. 07 déc. 2025 11:20:35 CET: ALERTE - / utilise 49%
dim. 07 déc. 2025 11:20:35 CET: ALERTE - /boot utilise 10%
dim. 07 déc. 2025 11:50:45 CET: ALERTE - / utilise 49%
dim. 07 déc. 2025 11:50:45 CET: ALERTE - /boot utilise 10%
dim. 07 déc. 2025 12:20:55 CET: ALERTE - / utilise 49%
dim. 07 déc. 2025 12:20:55 CET: ALERTE - /boot utilise 10%
dim. 07 déc. 2025 12:51:35 CET: ALERTE - / utilise 49%
dim. 07 déc. 2025 12:51:35 CET: ALERTE - /boot utilise 10%
dim. 07 déc. 2025 13:21:45 CET: ALERTE - / utilise 49%
dim. 07 déc. 2025 13:21:45 CET: ALERTE - /boot utilise 10%
dim. 07 déc. 2025 13:52:45 CET: ALERTE - / utilise 49%
dim. 07 déc. 2025 13:52:45 CET: ALERTE - /boot utilise 10%
dim. 07 déc. 2025 14:23:25 CET: ALERTE - / utilise 49%
dim. 07 déc. 2025 14:23:25 CET: ALERTE - /boot utilise 10%
dim. 07 déc. 2025 14:53:35 CET: ALERTE - / utilise 49%
dim. 07 déc. 2025 14:53:35 CET: ALERTE - /boot utilise 10%
dim. 07 déc. 2025 15:23:35 CET: ALERTE - / utilise 49%
dim. 07 déc. 2025 15:23:35 CET: ALERTE - /boot utilise 10%
dim. 07 déc. 2025 15:53:45 CET: ALERTE - / utilise 49%
dim. 07 déc. 2025 15:53:45 CET: ALERTE - /boot utilise 10%
dim. 07 déc. 2025 16:24:35 CET: ALERTE - / utilise 49%
dim. 07 déc. 2025 16:24:35 CET: ALERTE - /boot utilise 10%
dim. 07 déc. 2025 16:54:45 CET: ALERTE - / utilise 49%
dim. 07 déc. 2025 16:54:45 CET: ALERTE - /boot utilise 10%
dim. 07 déc. 2025 17:25:45 CET: ALERTE - / utilise 49%
dim. 07 déc. 2025 17:25:45 CET: ALERTE - /boot utilise 10%
dim. 07 déc. 2025 17:56:25 CET: ALERTE - / utilise 49%
dim. 07 déc. 2025 17:56:25 CET: ALERTE - /boot utilise 10%
dim. 07 déc. 2025 18:26:45 CET: ALERTE - / utilise 49%
dim. 07 déc. 2025 18:26:45 CET: ALERTE - /boot utilise 10%
dim. 07 déc. 2025 18:57:45 CET: ALERTE - / utilise 49%
dim. 07 déc. 2025 18:57:45 CET: ALERTE - /boot utilise 10%
dim. 07 déc. 2025 19:28:25 CET: ALERTE - / utilise 49%
dim. 07 déc. 2025 19:28:25 CET: ALERTE - /boot utilise 10%
dim. 07 déc. 2025 19:58:45 CET: ALERTE - / utilise 49%
dim. 07 déc. 2025 19:58:45 CET: ALERTE - /boot utilise 10%
dim. 07 déc. 2025 20:29:35 CET: ALERTE - / utilise 49%
dim. 07 déc. 2025 20:29:35 CET: ALERTE - /boot utilise 10%
dim. 07 déc. 2025 20:59:45 CET: ALERTE - / utilise 49%
dim. 07 déc. 2025 20:59:45 CET: ALERTE - /boot utilise 10%
dim. 07 déc. 2025 21:30:15 CET: ALERTE - / utilise 49%
dim. 07 déc. 2025 21:30:15 CET: ALERTE - /boot utilise 10%
dim. 07 déc. 2025 22:00:45 CET: ALERTE - / utilise 49%
dim. 07 déc. 2025 22:00:45 CET: ALERTE - /boot utilise 10%
dim. 07 déc. 2025 22:31:45 CET: ALERTE - / utilise 49%
dim. 07 déc. 2025 22:31:45 CET: ALERTE - /boot utilise 10%
dim. 07 déc. 2025 23:02:25 CET: ALERTE - / utilise 49%
dim. 07 déc. 2025 23:02:25 CET: ALERTE - /boot utilise 10%
dim. 07 déc. 2025 23:32:45 CET: ALERTE - / utilise 49%
dim. 07 déc. 2025 23:32:45 CET: ALERTE - /boot utilise 10%
lun. 08 déc. 2025 00:03:45 CET: ALERTE - / utilise 49%
lun. 08 déc. 2025 00:03:45 CET: ALERTE - /boot utilise 10%
lun. 08 déc. 2025 00:34:25 CET: ALERTE - / utilise 49%
lun. 08 déc. 2025 00:34:25 CET: ALERTE - /boot utilise 10%
lun. 08 déc. 2025 01:04:45 CET: ALERTE - / utilise 49%
lun. 08 déc. 2025 01:04:45 CET: ALERTE - /boot utilise 10%
lun. 08 déc. 2025 01:35:45 CET: ALERTE - / utilise 49%
lun. 08 déc. 2025 01:35:45 CET: ALERTE - /boot utilise 10%
lun. 08 déc. 2025 02:06:25 CET: ALERTE - / utilise 48%
lun. 08 déc. 2025 02:06:25 CET: ALERTE - /boot utilise 10%
lun. 08 déc. 2025 02:36:45 CET: ALERTE - / utilise 48%
lun. 08 déc. 2025 02:36:45 CET: ALERTE - /boot utilise 10%
lun. 08 déc. 2025 03:07:15 CET: ALERTE - / utilise 48%
lun. 08 déc. 2025 03:07:15 CET: ALERTE - /boot utilise 10%
lun. 08 déc. 2025 03:37:45 CET: ALERTE - / utilise 48%
lun. 08 déc. 2025 03:37:45 CET: ALERTE - /boot utilise 10%
lun. 08 déc. 2025 04:08:35 CET: ALERTE - / utilise 48%
lun. 08 déc. 2025 04:08:35 CET: ALERTE - /boot utilise 10%
lun. 08 déc. 2025 04:38:45 CET: ALERTE - / utilise 48%
lun. 08 déc. 2025 04:38:45 CET: ALERTE - /boot utilise 10%
lun. 08 déc. 2025 05:09:45 CET: ALERTE - / utilise 48%
lun. 08 déc. 2025 05:09:45 CET: ALERTE - /boot utilise 10%
lun. 08 déc. 2025 05:40:35 CET: ALERTE - / utilise 48%
lun. 08 déc. 2025 05:40:35 CET: ALERTE - /boot utilise 10%
lun. 08 déc. 2025 06:10:35 CET: ALERTE - / utilise 48%
lun. 08 déc. 2025 06:10:35 CET: ALERTE - /boot utilise 10%
lun. 08 déc. 2025 06:40:35 CET: ALERTE - / utilise 48%
lun. 08 déc. 2025 06:40:35 CET: ALERTE - /boot utilise 10%
lun. 08 déc. 2025 07:10:35 CET: ALERTE - / utilise 49%
lun. 08 déc. 2025 07:10:35 CET: ALERTE - /boot utilise 10%
lun. 08 déc. 2025 07:40:45 CET: ALERTE - / utilise 49%
lun. 08 déc. 2025 07:40:45 CET: ALERTE - /boot utilise 10%
lun. 08 déc. 2025 08:11:05 CET: ALERTE - / utilise 49%
lun. 08 déc. 2025 08:11:05 CET: ALERTE - /boot utilise 10%
lun. 08 déc. 2025 08:41:45 CET: ALERTE - / utilise 49%
lun. 08 déc. 2025 08:41:45 CET: ALERTE - /boot utilise 10%
lun. 08 déc. 2025 09:12:15 CET: ALERTE - / utilise 49%
lun. 08 déc. 2025 09:12:15 CET: ALERTE - /boot utilise 10%
lun. 08 déc. 2025 09:42:45 CET: ALERTE - / utilise 49%
lun. 08 déc. 2025 09:42:45 CET: ALERTE - /boot utilise 10%
lun. 08 déc. 2025 10:13:35 CET: ALERTE - / utilise 49%
lun. 08 déc. 2025 10:13:35 CET: ALERTE - /boot utilise 10%
lun. 08 déc. 2025 10:43:45 CET: ALERTE - / utilise 49%
lun. 08 déc. 2025 10:43:45 CET: ALERTE - /boot utilise 10%
lun. 08 déc. 2025 11:14:35 CET: ALERTE - / utilise 49%
lun. 08 déc. 2025 11:14:35 CET: ALERTE - /boot utilise 10%
lun. 08 déc. 2025 11:44:45 CET: ALERTE - / utilise 49%
lun. 08 déc. 2025 11:44:45 CET: ALERTE - /boot utilise 10%
