[2025-12-01 14:14:43] Création du point de restauration...
[2025-12-01 14:14:43] Début des mises à jour...

WARNING: apt does not have a stable CLI interface. Use with caution in scripts.

Atteint :1 http://old-releases.ubuntu.com/ubuntu oracular InRelease
Atteint :2 http://old-releases.ubuntu.com/ubuntu oracular-updates InRelease
Atteint :3 http://old-releases.ubuntu.com/ubuntu oracular-security InRelease
Lecture des listes de paquets…
Construction de l'arbre des dépendances…
Lecture des informations d'état…
Tous les paquets sont à jour.

WARNING: apt does not have a stable CLI interface. Use with caution in scripts.

Lecture des listes de paquets…
Construction de l'arbre des dépendances…
Lecture des informations d'état…
Calcul de la mise à jour…
Summary:
  Upgrading: 0, Installing: 0, Removing: 0, Not Upgrading: 0
[2025-12-01 14:14:45] Mises à jour installées avec succès
[2025-12-01 14:14:45] Vérification des services critiques...
[2025-12-01 14:27:16] Création du point de restauration...
[2025-12-01 14:27:16] Début des mises à jour...

WARNING: apt does not have a stable CLI interface. Use with caution in scripts.

Atteint :1 http://old-releases.ubuntu.com/ubuntu oracular InRelease
Atteint :2 http://old-releases.ubuntu.com/ubuntu oracular-updates InRelease
Atteint :3 http://old-releases.ubuntu.com/ubuntu oracular-security InRelease
Lecture des listes de paquets…
Construction de l'arbre des dépendances…
Lecture des informations d'état…
Tous les paquets sont à jour.

WARNING: apt does not have a stable CLI interface. Use with caution in scripts.

Lecture des listes de paquets…
Construction de l'arbre des dépendances…
Lecture des informations d'état…
Calcul de la mise à jour…
Summary:
  Upgrading: 0, Installing: 0, Removing: 0, Not Upgrading: 0
[2025-12-01 14:27:18] Mises à jour installées avec succès
[2025-12-01 14:27:18] Vérification des services critiques...
[2025-12-01 14:27:18] Tous les services critiques sont opérationnels
[2025-12-01 14:27:18] Mise à jour terminée avec succès
[2025-12-03 04:00:01] Création du point de restauration...
[2025-12-03 04:00:01] Début des mises à jour...

WARNING: apt does not have a stable CLI interface. Use with caution in scripts.

Atteint :1 http://old-releases.ubuntu.com/ubuntu oracular InRelease
Atteint :2 http://old-releases.ubuntu.com/ubuntu oracular-updates InRelease
Atteint :3 http://old-releases.ubuntu.com/ubuntu oracular-security InRelease
Lecture des listes de paquets…
Construction de l'arbre des dépendances…
Lecture des informations d'état…
Tous les paquets sont à jour.

WARNING: apt does not have a stable CLI interface. Use with caution in scripts.

Lecture des listes de paquets…
Construction de l'arbre des dépendances…
Lecture des informations d'état…
Calcul de la mise à jour…
Summary:
  Upgrading: 0, Installing: 0, Removing: 0, Not Upgrading: 0
[2025-12-03 04:00:03] Mises à jour installées avec succès
[2025-12-03 04:00:03] Vérification des services critiques...
[2025-12-03 04:00:03] Tous les services critiques sont opérationnels
[2025-12-03 04:00:03] Mise à jour terminée avec succès
