=== RAPPORT DE NETTOYAGE ===
Date: lun. 01 déc. 2025 15:38:25 CET
Espace utilisé avant: 5,2G

--- Nettoyage de /tmp ---
Fichiers temporaires supprimés

--- Nettoyage du cache APT ---
Lecture des listes de paquets…
Construction de l'arbre des dépendances…
Lecture des informations d'état…
Summary:
  Upgrading: 0, Installing: 0, Removing: 0, Not Upgrading: 0

--- Nettoyage des journaux ---

--- Nettoyage des anciens kernels ---

=== RÉSUMÉ ===
Espace utilisé après: 5,2G
=== RAPPORT DE NETTOYAGE ===
Date: lun. 01 déc. 2025 15:39:10 CET
Espace utilisé avant: 5,2G

--- Nettoyage de /tmp ---
Fichiers temporaires supprimés

--- Nettoyage du cache APT ---
Lecture des listes de paquets…
Construction de l'arbre des dépendances…
Lecture des informations d'état…
Summary:
  Upgrading: 0, Installing: 0, Removing: 0, Not Upgrading: 0

--- Nettoyage des journaux ---

--- Nettoyage des anciens kernels ---

=== RÉSUMÉ ===
Espace utilisé après: 5,2G
